# frame  pts  resid  clusters  cz_m
    1     382    120    1  1.0398
    2     382    122    1  1.0600
    3     382    120    1  1.0665
    4     382    120    1  1.0834
    5     382    121    1  1.0805
    6     382    120    1  1.0867
    7     382    121    1  1.1317
    8     382    120    1  1.0858
    9     382    120    1  1.0881
   10     382    120    1  1.1075
   11     382    120    1  1.0781
   12     382    122    1  1.1122
   13     382    121    1  1.0698
   14     382    120    1  1.0895
   15     382    120    1  1.0994
   16     382    120    1  1.1237
   17     382    121    1  1.0998
   18     382    120    1  1.0857
   19     382    120    1  1.1176
   20     382    120    1  1.0671
   21     382    120    1  1.0468
   22     382    120    1  1.0870
   23     382    120    1  1.0595
   24     382    120    1  1.0966
   25     382    120    1  1.0412
   26     382    121    1  1.0557
   27     382    120    1  1.0651
   28     382    120    1  1.0530
   29     382    120    1  1.0652
   30     382    122    1  1.0101
   31     382    121    1  1.0286
   32     382    121    1  1.0121
   33     382    120    1  1.0925
   34     382    120    1  1.0435
   35     382    120    1  1.0694
   36     382    120    1  1.1568
   37     382    120    1  1.0395
   38     382    121    1  1.0545
   39     382    120    1  1.0579
   40     382    120    1  1.0260
   41     382    120    1  1.0670
   42     382    121    1  1.0540
   43     382    121    1  1.0503
   44     382    120    1  1.0309
   45     382    122    1  1.0532
   46     382    120    1  1.0614
   47     382    121    1  1.1206
   48     382    120    1  1.0990
   49     382    120    1  1.0454
   50     382    120    1  1.0943
   51     382    120    1  1.0906
   52     382    120    1  1.0697
   53     382    121    1  1.1428
   54     382    120    1  1.1122
   55     382    121    1  1.1049
   56     382    120    1  1.1170
   57     382    120    1  1.0310
   58     382    120    1  1.0981
   59     382    121    1  1.0716
   60     382    121    1  1.0306
   61     382    120    1  1.0334
   62     382    121    1  1.0833
   63     382    120    1  1.1065
   64     382    121    1  1.0875
   65     382    121    1  0.9985
   66     382    120    1  1.0685
   67     382    121    1  1.0904
   68     382    121    1  1.0251
   69     382    121    1  1.0590
   70     382    120    1  1.0309
   71     382    120    1  1.0595
   72     382    120    1  1.0722
   73     382    122    1  1.0218
   74     382    122    1  1.0530
   75     382    121    1  1.0810
   76     382    120    1  1.0622
   77     382    121    1  1.0163
   78     382    120    1  1.0224
   79     382    120    1  1.0776
   80     382    120    1  1.0764
   81     382    120    1  1.0258
   82     382    120    1  1.0696
   83     382    120    1  1.0850
   84     382    120    1  1.0868
   85     382    121    1  1.0901
   86     382    120    1  1.1000
   87     382    121    1  1.0336
   88     382    121    1  1.1026
   89     382    121    1  1.0639
   90     382    120    1  1.0527
   91     382    120    1  1.0903
   92     382    120    1  1.0676
   93     382    120    1  1.0722
   94     382    120    1  1.0964
   95     382    120    1  1.0916
   96     382    121    1  1.0548
   97     382    120    1  0.9915
   98     382    121    1  1.1117
   99     382    121    1  1.0525
  100     382    120    1  1.0500
  101     382    120    1  1.0898
  102     382    121    1  1.0077
  103     382    120    1  1.1179
  104     382    120    1  1.0373
  105     382    120    1  1.0877
  106     382    120    1  1.0550
  107     382    120    1  1.0059
  108     382    120    1  1.0660
  109     382    120    1  1.0576
  110     382    121    1  1.0854
  111     382    120    1  1.0025
  112     382    121    1  0.9619
  113     382    120    1  1.0349
  114     382    121    1  1.0347
  115     382    120    1  0.9894
  116     382    120    1  1.0341
  117     382    120    1  1.0254
  118     382    120    1  1.0729
  119     382    120    1  1.0977
  120     382    120    1  1.0927
  121     382    121    1  1.0924
  122     382    120    1  1.0762
  123     382    120    1  1.0550
  124     382    120    1  1.1134
  125     382    122    1  1.0967
  126     382    120    1  1.0607
  127     382    120    1  1.0891
  128     382    120    1  1.1062
  129     382    120    1  1.0547
  130     382    120    1  1.0963
  131     382    121    1  1.0136
  132     382    120    1  1.0808
  133     382    120    1  1.1260
  134     382    120    1  1.1252
  135     382    120    1  1.0527
  136     382    120    1  1.0923
  137     382    120    1  1.0958
  138     382    120    1  1.1223
  139     382    120    1  1.0887
  140     382    120    1  1.0615
  141     382    120    1  1.0317
  142     382    120    1  1.0654
  143     382    120    1  1.0704
  144     382    121    1  1.0957
  145     382    121    1  1.0286
  146     382    121    1  1.0611
  147     382    120    1  1.0003
  148     382    120    1  1.0164
  149     382    121    1  0.9800
  150     382    121    1  1.0517
  151     382    120    1  1.0392
  152     382    120    1  1.0434
  153     382    122    1  1.0065
  154     382    120    1  1.0633
  155     382    120    1  1.0355
  156     382    121    1  1.0620
  157     382    120    1  1.0494
  158     382    120    1  1.0576
  159     382    121    1  1.0597
  160     382    120    1  1.0854
  161     382    120    1  1.0933
  162     382    121    1  1.0594
  163     382    120    1  1.1073
  164     382    120    1  1.1103
  165     382    120    1  1.0320
  166     382    120    1  1.1092
  167     382    120    1  1.0857
  168     382    120    1  1.0929
  169     382    120    1  1.1021
  170     382    120    1  1.1227
  171     382    120    1  1.0694
  172     382    121    1  1.0601
  173     382    120    1  1.1098
  174     382    121    1  1.0485
  175     382    121    1  1.0814
  176     382    121    1  1.0195
  177     382    120    1  1.1197
  178     382    120    1  1.1342
  179     382    120    1  1.0553
  180     382    120    1  1.0546
  181     382    120    1  1.1119
  182     382    120    1  1.0052
  183     382    121    1  1.0776
  184     382    120    1  0.9836
  185     382    120    1  1.0761
  186     382    121    1  1.0745
  187     382    120    1  1.0561
  188     382    120    1  0.9895
  189     382    121    1  1.0441
  190     382    120    1  1.0585
  191     382    120    1  1.0477
  192     382    121    1  1.0153
  193     382    120    1  1.0671
  194     382    120    1  1.0592
  195     382    121    1  1.0432
  196     382    120    1  1.0533
  197     382    120    1  1.0715
  198     382    120    1  1.0397
  199     382    120    1  1.0815
  200     382    120    1  1.0417
  201     382    120    1  1.0469
  202     382    120    1  1.0554
  203     382    121    1  1.0622
  204     382    120    1  1.0531
  205     382    120    1  1.0679
  206     382    120    1  1.0821
  207     382    120    1  0.9861
  208     382    120    1  1.0999
  209     382    120    1  1.0889
  210     382    120    1  1.0438
  211     382    121    1  1.0765
  212     382    120    1  1.0920
  213     382    120    1  1.0908
  214     382    120    1  1.0982
  215     382    121    1  1.0336
  216     382    120    1  1.1426
  217     382    120    1  1.0633
  218     382    120    1  1.0709
  219     382    120    1  1.1101
  220     382    120    1  1.0243
  221     382    121    1  1.0878
  222     382    120    1  1.0534
  223     382    120    1  1.0919
  224     382    121    1  1.0587
  225     382    120    1  1.0174
  226     382    120    1  1.0628
  227     382    120    1  1.0411
  228     382    121    1  1.0431
  229     382    120    1  1.0149
  230     382    121    1  1.0139
  231     382    120    1  1.1112
  232     382    120    1  1.0793
  233     382    120    1  1.1013
  234     382    120    1  1.0204
  235     382    120    1  0.9962
  236     382    120    1  1.0544
  237     382    120    1  1.0398
  238     382    120    1  1.0697
  239     382    120    1  1.0496
  240     382    120    1  1.0851
  241     382    120    1  1.0789
  242     382    120    1  1.0869
  243     382    120    1  1.0740
  244     382    120    1  1.0719
  245     382    121    1  1.1093
  246     382    120    1  1.0661
  247     382    120    1  1.1271
  248     382    121    1  1.1160
  249     382    121    1  1.1002
  250     382    120    1  1.0426
  251     382    120    1  1.1122
  252     382    121    1  1.0781
  253     382    120    1  1.0607
  254     382    120    1  1.1189
  255     382    120    1  1.1047
  256     382    121    1  1.0896
  257     382    120    1  1.1158
  258     382    120    1  1.0920
  259     382    120    1  1.0676
  260     382    121    1  1.0659
  261     382    120    1  1.0725
  262     382    121    1  1.0746
  263     382    122    1  1.0637
  264     382    120    1  0.9899
  265     382    120    1  1.0881
  266     382    122    1  1.0569
  267     382    120    1  1.0214
  268     382    120    1  1.1166
  269     382    121    1  1.0297
  270     382    120    1  1.0454
  271     382    121    1  1.0654
  272     382    120    1  1.0004
  273     382    120    1  1.0308
  274     382    121    1  0.9791
  275     382    120    1  1.0736
  276     382    120    1  1.0144
  277     382    120    1  1.0183
  278     382    120    1  1.0382
  279     382    120    1  1.0636
  280     382    123    1  1.0637
  281     382    120    1  1.0437
  282     382    120    1  1.0532
  283     382    120    1  1.0560
  284     382    120    1  1.1001
  285     382    120    1  1.1507
  286     382    120    1  1.0386
  287     382    120    1  1.0787
  288     382    121    1  1.1302
  289     382    120    1  1.0848
  290     382    120    1  1.1091
  291     382    120    1  1.1043
  292     382    120    1  1.1046
  293     382    120    1  1.0899
  294     382    120    1  1.0806
  295     382    120    1  1.1469
  296     382    120    1  1.0549
  297     382    120    1  1.0589
  298     382    121    1  1.0768
  299     382    120    1  1.0793
  300     382    121    1  1.0796
