# frame  pts  resid  clusters  cz_m
  261   13241   1596    7  1.3286
  262   13274   1601    6  1.3285
  263   13237   1641    6  1.3300
  264   13331   1564    8  1.3296
  265   13250   1571    5  1.3308
  266   13268   1617    7  1.3313
  267   13316   1589    7  1.3307
  268   13309   1597    6  1.3310
  269   13271   1613    5  1.3299
  270   13239   1572    8  1.3304
  271   13238   1589    8  1.3306
  272   13273   1600    8  1.3316
  273   13204   1561    5  1.3307
  274   13295   1619    6  1.3325
  275   13303   1582    7  1.3324
  276   13334   1609    6  1.3330
  277   13332   1619    6  1.3326
  278   13245   1567    8  1.3319
  279   13239   1597    6  1.3315
  280   13295   1613    5  1.3327
  281   13321   1568    7  1.3319
  282   13298   1591    7  1.3322
  283   13214   1574    6  1.3337
  284   13310   1590    5  1.3333
  285   13254   1552    6  1.3339
  286   13210   1571    6  1.3333
  287   13289   1590    8  1.3332
  288   13274   1587    6  1.3345
  289   13275   1652    6  1.3341
  290   13259   1617    6  1.3345
  291   13231   1601    6  1.3337
  292   13258   1589    5  1.3351
  293   13240   1592    8  1.3353
  294   13205   1581    9  1.3348
  295   13285   1619    5  1.3344
  296   13195   1565    8  1.3352
  297   13308   1588    7  1.3352
  298   13308   1591    6  1.3343
  299   13197   1572    7  1.3344
  300   13212   1547    8  1.3337
  301   13324   1586    8  1.3340
  302   13333   1570    5  1.3328
  303   13242   1586    9  1.3326
  304   13275   1569    8  1.3314
  305   13291   1609    6  1.3300
  306   13265   1586    6  1.3307
  307   13257   1609    5  1.3308
  308   13254   1608    7  1.3299
  309   13207   1619    5  1.3294
  310   13216   1587    6  1.3293
  311   13256   1621    5  1.3300
  312   13305   1604    6  1.3296
  313   13278   1643    7  1.3305
  314   13229   1623    5  1.3305
  315   13216   1605    6  1.3288
  316   13233   1603    7  1.3310
  317   13264   1614    8  1.3298
  318   13242   1603    6  1.3320
  319   13188   1555    6  1.3356
  320   13229   1618    8  1.3398
  321   13187   1597    7  1.3383
  322   13277   1595    5  1.3386
  323   13212   1619    5  1.3397
  324   13250   1650    4  1.3411
  325   13219   1570    6  1.3432
  326   13266   1597    6  1.3431
  327   13234   1575    6  1.3434
  328   13257   1562    7  1.3430
  329   13172   1583    6  1.3428
  330   13299   1597    4  1.3444
  331   13209   1598    5  1.3438
  332   13189   1607    8  1.3434
  333   13203   1605    6  1.3435
  334   13217   1605   10  1.3452
  335   13205   1598    6  1.3429
  336   13283   1616    7  1.3434
  337   13222   1592    7  1.3426
  338   13196   1600    5  1.3405
  339   13160   1571    9  1.3436
  340   13295   1627    8  1.3443
  341   13140   1547    4  1.3453
  342   13206   1657    8  1.3439
  343   13205   1584    4  1.3448
  344   13194   1599    9  1.3457
  345   13199   1573    6  1.3451
  346   13241   1566    3  1.3453
  347   13222   1578    9  1.3464
  348   13203   1607    9  1.3454
  349   13248   1561    6  1.3433
  350   13183   1548    6  1.3433
  351   13224   1602    7  1.3433
  352   13158   1571    5  1.3426
  353   13239   1564    9  1.3445
  354   13177   1548    8  1.3415
  355   13222   1592    9  1.3443
  356   13262   1608    7  1.3429
  357   13196   1584    6  1.3437
  358   13245   1538    9  1.3445
  359   13273   1578    8  1.3428
  360   13219   1561    5  1.3462
  361   13191   1571    6  1.3435
  362   13167   1585    8  1.3439
  363   13186   1585    7  1.3444
  364   13235   1645    5  1.3460
  365   13200   1606    6  1.3438
  366   13207   1610    7  1.3455
  367   13266   1619    6  1.3445
  368   13268   1603    6  1.3433
  369   13261   1595    6  1.3434
  370   13221   1600    6  1.3427
  371   13201   1610    4  1.3449
  372   13261   1669    4  1.3438
  373   13241   1601    5  1.3406
  374   13189   1575    5  1.3409
  375   13290   1639    7  1.3404
  376   13217   1608    6  1.3387
  377   13227   1598    7  1.3382
  378   13246   1565    9  1.3377
  379   13266   1571    8  1.3353
  380   13246   1615    4  1.3376
  381   13228   1603    6  1.3364
  382   13255   1600    6  1.3379
  383   13269   1581    6  1.3374
  384   13220   1616    3  1.3396
  385   13248   1572    9  1.3368
  386   13223   1579    6  1.3374
  387   13235   1567    6  1.3411
  388   13295   1599    4  1.3403
  389   13281   1575    7  1.3375
  390   13281   1603    6  1.3406
  391   13325   1636    6  1.3377
  392   13284   1562    5  1.3368
  393   13209   1607    5  1.3367
  394   13269   1559    6  1.3394
  395   13268   1579    6  1.3366
  396   13326   1595    5  1.3374
  397   13234   1567    8  1.3383
  398   13198   1561    8  1.3364
  399   13267   1604    6  1.3361
  400   13294   1580    6  1.3372
  401   13315   1581    8  1.3363
  402   13237   1579    6  1.3374
  403   13304   1607    8  1.3390
  404   13282   1622    5  1.3369
  405   13233   1516    9  1.3370
  406   13264   1536    6  1.3376
  407   13267   1545    5  1.3370
  408   13308   1561    8  1.3358
  409   13244   1574    4  1.3337
  410   13328   1586    8  1.3345
  411   13326   1569    5  1.3329
  412   13252   1587    6  1.3331
  413   13264   1591    7  1.3329
  414   13244   1584    5  1.3342
  415   13223   1579    8  1.3325
  416   13207   1651    9  1.3328
  417   13311   1588    9  1.3325
  418   13285   1610    5  1.3322
  419   13259   1586    6  1.3331
  420   13255   1563    5  1.3331
  421   13217   1607   10  1.3336
  422   13319   1584    5  1.3332
  423   13269   1591    8  1.3337
  424   13265   1605    4  1.3343
  425   13258   1605    5  1.3342
  426   13246   1584    4  1.3333
  427   13312   1614    7  1.3330
  428   13228   1596    9  1.3341
  429   13236   1554    8  1.3325
  430   13281   1584    7  1.3328
  431   13255   1606    7  1.3330
  432   13307   1593    7  1.3331
  433   13294   1591    6  1.3325
  434   13250   1598    8  1.3339
  435   13296   1607    8  1.3344
  436   13293   1598    5  1.3347
  437   13208   1603    7  1.3331
  438   13312   1605    6  1.3337
  439   13298   1618    5  1.3335
  440   13294   1569    8  1.3340
  441   13268   1585    6  1.3350
  442   13234   1598    5  1.3356
  443   13231   1574    6  1.3346
  444   13300   1611    7  1.3346
  445   13274   1564    7  1.3345
  446   13238   1588    4  1.3350
  447   13234   1579    5  1.3350
  448   13338   1608    8  1.3363
  449   13244   1563    6  1.3354
  450   13243   1623    4  1.3350
  451   13238   1542    6  1.3349
  452   13298   1582    5  1.3355
  453   13280   1568    6  1.3354
  454   13236   1588    9  1.3348
  455   13243   1606    8  1.3339
  456   13202   1562    5  1.3329
  457   13242   1533    5  1.3327
  458   13289   1581    7  1.3331
  459   13286   1565    7  1.3330
  460   13329   1583    6  1.3327
  461   13283   1580    7  1.3335
  462   13245   1594    6  1.3323
  463   13267   1569    5  1.3333
  464   13316   1595    6  1.3330
  465   13239   1561    8  1.3346
  466   13253   1599    8  1.3344
  467   13230   1586    6  1.3332
  468   13283   1595    6  1.3321
  469   13312   1622    6  1.3320
  470   13306   1609    7  1.3320
  471   13285   1582    7  1.3316
  472   13244   1602    6  1.3331
  473   13173   1555    7  1.3309
  474   13318   1618    7  1.3319
  475   13315   1637    8  1.3320
  476   13247   1601    9  1.3324
  477   13199   1588   10  1.3328
  478   13241   1603    7  1.3332
  479   13237   1571    7  1.3329
  480   13286   1582    5  1.3329
  481   13307   1606    9  1.3337
  482   13272   1578    6  1.3325
  483   13255   1623    7  1.3321
  484   13229   1628    7  1.3324
  485   13251   1630    4  1.3331
  486   13249   1579    8  1.3323
  487   13357   1631    8  1.3329
  488   13228   1593    4  1.3329
  489   13244   1601    6  1.3329
  490   13262   1591    9  1.3335
  491   13219   1587    7  1.3331
  492   13241   1563    5  1.3331
  493   13288   1585    6  1.3330
  494   13275   1613    9  1.3329
  495   13292   1551    6  1.3342
  496   13265   1601    5  1.3326
  497   13269   1567    4  1.3342
  498   13234   1579    7  1.3330
  499   13248   1612    7  1.3328
  500   13333   1637    8  1.3328
  501   13247   1585    5  1.3317
  502   13278   1591    8  1.3323
  503   13247   1593    8  1.3333
  504   13200   1595    8  1.3330
  505   13289   1641    6  1.3330
  506   13259   1584    7  1.3318
  507   13244   1619    4  1.3321
  508   13217   1579    6  1.3329
  509   13290   1575    8  1.3318
  510   13283   1626    7  1.3312
  511   13250   1573    6  1.3316
  512   13274   1624    5  1.3314
  513   13263   1633    7  1.3313
  514   13231   1585    7  1.3315
  515   13274   1590    6  1.3320
  516   13264   1621    7  1.3326
  517   13252   1606    7  1.3326
  518   13306   1620    5  1.3328
  519   13302   1593    5  1.3313
  520   13323   1574    3  1.3316
  521   13239   1561   10  1.3314
  522   13300   1599    7  1.3319
  523   13288   1601    6  1.3304
  524   13309   1643    7  1.3314
  525   13376   1612    5  1.3308
  526   13295   1588    7  1.3318
  527   13262   1619    9  1.3314
  528   13232   1542    8  1.3308
  529   13179   1560    4  1.3317
  530   13256   1571    8  1.3318
  531   13272   1623    6  1.3306
  532   13311   1618    5  1.3318
  533   13321   1587    4  1.3316
  534   13266   1610    7  1.3316
  535   13269   1613    4  1.3325
  536   13247   1586    6  1.3320
  537   13312   1585    7  1.3312
  538   13287   1571    9  1.3319
  539   13205   1571    5  1.3331
  540   13268   1539    7  1.3324
  541   13232   1587    7  1.3321
  542   13276   1602    4  1.3328
  543   13262   1606    8  1.3326
  544   13240   1590    8  1.3333
  545   13214   1531    4  1.3334
  546   13285   1600    6  1.3334
  547   13303   1608    6  1.3349
  548   13280   1591    9  1.3334
  549   13264   1614    5  1.3339
  550   13264   1589    8  1.3347
  551   13243   1615    8  1.3338
  552   13263   1618    7  1.3339
  553   13276   1615    5  1.3348
  554   13209   1572    5  1.3340
  555   13339   1554    8  1.3331
  556   13317   1570    7  1.3342
  557   13250   1553    8  1.3339
  558   13237   1548   10  1.3328
  559   13238   1581    6  1.3338
  560   13264   1582    8  1.3327
  561   13235   1575    5  1.3316
  562   13264   1593    9  1.3331
  563   13283   1593    6  1.3319
  564   13244   1631    6  1.3311
  565   13262   1602    8  1.3326
  566   13318   1590    9  1.3318
  567   13274   1644    6  1.3319
  568   13288   1610    6  1.3320
  569   13301   1587    8  1.3314
  570   13261   1575    6  1.3314
  571   13273   1593    7  1.3307
  572   13327   1641    4  1.3303
  573   13316   1637    4  1.3306
  574   13303   1601    9  1.3318
  575   13264   1633    6  1.3315
  576   13277   1583    5  1.3312
  577   13285   1613    7  1.3308
  578   13323   1606    5  1.3304
  579   13269   1604    6  1.3311
  580   13243   1606    7  1.3306
  581   13302   1627    5  1.3304
  582   13291   1632    5  1.3311
  583   13304   1667    6  1.3307
  584   13291   1592   10  1.3311
  585   13206   1593    7  1.3311
  586   13306   1627    4  1.3314
  587   13199   1580    8  1.3325
  588   13241   1607    5  1.3316
  589   13317   1640    5  1.3323
  590   13258   1638    8  1.3324
  591   13306   1684    5  1.3334
  592   13285   1663   10  1.3338
  593   13278   1672    7  1.3329
  594   13403   1684    6  1.3344
  595   13306   1633    6  1.3329
  596   13246   1655    6  1.3329
  597   13280   1646    9  1.3341
  598   13276   1694    5  1.3331
  599   13248   1638    9  1.3343
  600   13273   1631    9  1.3330
  601   13356   1675    7  1.3345
  602   13289   1644    8  1.3350
  603   13319   1673    5  1.3336
  604   13270   1636   10  1.3342
  605   13270   1691    6  1.3334
  606   13265   1706    4  1.3342
  607   13258   1670    7  1.3361
  608   13312   1613    9  1.3336
  609   13293   1665    6  1.3337
  610   13257   1639    7  1.3321
  611   13231   1632    4  1.3331
  612   13318   1664    7  1.3347
  613   13305   1628   10  1.3344
  614   13290   1609    6  1.3335
  615   13317   1620    7  1.3318
  616   13328   1696    7  1.3329
  617   13344   1675    6  1.3326
  618   13279   1659    5  1.3328
  619   13260   1662    4  1.3321
  620   13237   1662    6  1.3325
  621   13288   1634    6  1.3322
  622   13284   1633    7  1.3336
  623   13250   1672    4  1.3322
  624   13317   1616    8  1.3311
  625   13210   1606    5  1.3311
  626   13278   1618    8  1.3324
  627   13234   1576    6  1.3307
  628   13268   1610    4  1.3312
  629   13252   1656    7  1.3314
  630   13263   1625    4  1.3296
  631   13260   1601    7  1.3313
  632   13318   1599    8  1.3311
  633   13319   1617    6  1.3312
  634   13291   1610    5  1.3310
  635   13265   1588    9  1.3313
  636   13276   1589    6  1.3313
  637   13253   1562    8  1.3320
  638   13228   1621    7  1.3324
  639   13262   1627    6  1.3310
  640   13258   1602    4  1.3311
  641   13250   1591   11  1.3313
  642   13245   1654    6  1.3310
  643   13277   1601    5  1.3311
  644   13277   1603    5  1.3315
  645   13260   1560    4  1.3309
  646   13347   1588    6  1.3317
  647   13307   1576    8  1.3316
  648   13239   1624    4  1.3322
  649   13281   1615    6  1.3308
  650   13309   1667    6  1.3316
  651   13294   1634    4  1.3317
  652   13324   1592    9  1.3319
  653   13286   1570    9  1.3320
  654   13284   1571    4  1.3317
  655   13256   1573    6  1.3322
  656   13233   1568    6  1.3322
  657   13214   1576    6  1.3322
  658   13218   1590    4  1.3327
  659   13223   1589    7  1.3319
  660   13282   1589    6  1.3318
  661   13296   1602    8  1.3339
  662   13231   1595    9  1.3320
  663   13324   1622    6  1.3320
  664   13245   1623    6  1.3320
  665   13232   1604    6  1.3331
  666   13217   1599    4  1.3322
  667   13247   1555    4  1.3333
  668   13318   1589    7  1.3319
  669   13240   1628    6  1.3303
  670   13262   1615    7  1.3303
  671   13253   1597    7  1.3298
  672   13223   1605    5  1.3308
  673   13261   1589    7  1.3298
  674   13324   1610    8  1.3295
  675   13238   1599    5  1.3296
  676   13255   1604    7  1.3293
  677   13263   1646    6  1.3303
  678   13288   1615    5  1.3294
  679   13302   1647    5  1.3291
  680   13248   1594   10  1.3298
  681   13275   1611    8  1.3295
  682   13321   1602    9  1.3295
  683   13272   1580    7  1.3289
  684   13272   1606    8  1.3290
  685   13259   1594    5  1.3297
  686   13246   1610    8  1.3300
  687   13242   1570    7  1.3304
  688   13301   1608    5  1.3297
  689   13336   1626    7  1.3295
  690   13233   1604    6  1.3297
  691   13257   1587    4  1.3302
  692   13245   1628    9  1.3297
  693   13258   1579    6  1.3288
  694   13237   1617    8  1.3300
  695   13268   1595    6  1.3300
  696   13325   1619    6  1.3302
  697   13271   1612    8  1.3294
  698   13228   1594    5  1.3298
  699   13237   1601    8  1.3295
  700   13285   1614    5  1.3290
  701   13321   1581    8  1.3295
  702   13227   1598    6  1.3291
  703   13297   1597    7  1.3288
  704   13361   1596    6  1.3292
  705   13270   1577    7  1.3292
  706   13189   1599    6  1.3296
  707   13263   1572    9  1.3307
  708   13248   1604    7  1.3298
  709   13277   1583    7  1.3305
  710   13285   1623    7  1.3303
  711   13226   1557    8  1.3295
  712   13286   1595    6  1.3298
  713   13208   1600    6  1.3317
  714   13196   1605    7  1.3318
  715   13296   1612    7  1.3301
  716   13260   1583    6  1.3310
  717   13258   1571    8  1.3302
  718   13269   1573    7  1.3313
  719   13234   1622    7  1.3316
  720   13257   1581   13  1.3307
  721   13248   1602    6  1.3308
  722   13263   1604    6  1.3316
  723   13207   1614    4  1.3319
  724   13271   1575    6  1.3333
  725   13238   1575    8  1.3332
  726   13248   1576    8  1.3352
  727   13217   1553    8  1.3366
  728   13231   1596   10  1.3374
  729   13252   1566    8  1.3403
  730   13225   1621    7  1.3406
  731   13129   1588    9  1.3432
  732   13198   1566   10  1.3430
  733   13232   1575    8  1.3453
  734   13192   1582    6  1.3450
  735   13204   1610    7  1.3445
  736   13276   1624    8  1.3409
  737   13221   1620    7  1.3411
  738   13227   1577    7  1.3388
  739   13244   1574    6  1.3355
  740   13247   1606    7  1.3319
  741   13308   1638    8  1.3307
  742   13245   1557    9  1.3313
  743   13291   1601    5  1.3301
  744   13249   1650    5  1.3302
  745   13219   1564   10  1.3314
  746   13233   1579    9  1.3310
  747   13223   1601    6  1.3308
  748   13309   1624    5  1.3308
  749   13211   1582    6  1.3313
  750   13262   1580    7  1.3318
  751   13240   1596    7  1.3309
  752   13314   1613    6  1.3314
  753   13259   1626    6  1.3316
  754   13271   1612    7  1.3322
  755   13258   1574    7  1.3308
  756   13233   1626    7  1.3310
  757   13280   1577    7  1.3328
  758   13255   1572    5  1.3313
  759   13236   1600    5  1.3306
  760   13336   1615    6  1.3308
  761   13294   1578    6  1.3302
  762   13218   1597    5  1.3292
  763   13306   1607    5  1.3309
  764   13285   1596    7  1.3318
  765   13269   1592    3  1.3313
  766   13273   1607    6  1.3323
  767   13242   1632    6  1.3325
  768   13292   1592    5  1.3321
  769   13318   1595    6  1.3334
  770   13314   1579    5  1.3331
  771   13246   1589    7  1.3333
  772   13262   1615    5  1.3334
  773   13265   1575    9  1.3329
  774   13295   1572    7  1.3336
  775   13246   1605    7  1.3332
  776   13261   1620    8  1.3335
  777   13192   1582    8  1.3323
  778   13233   1632    6  1.3319
  779   13270   1614    4  1.3325
  780   13233   1592    5  1.3323
  781   13210   1612    7  1.3341
  782   13297   1634    8  1.3334
  783   13242   1552    8  1.3325
  784   13320   1629    6  1.3340
  785   13240   1594    4  1.3327
  786   13233   1602    8  1.3328
  787   13235   1600    5  1.3328
  788   13238   1593    5  1.3323
  789   13257   1608    8  1.3311
  790   13282   1592    5  1.3312
  791   13229   1628    6  1.3307
  792   13232   1601    5  1.3302
  793   13243   1602    6  1.3305
  794   13255   1592    7  1.3295
  795   13257   1609    7  1.3306
  796   13285   1593    7  1.3299
  797   13259   1589    7  1.3309
  798   13220   1585    7  1.3300
  799   13285   1620    6  1.3307
  800   13207   1565    6  1.3303
  801   13281   1606    5  1.3310
  802   13270   1584    9  1.3298
  803   13261   1597    8  1.3303
  804   13233   1591    7  1.3299
  805   13277   1606    5  1.3303
  806   13207   1610    3  1.3307
  807   13278   1591    6  1.3307
  808   13208   1560    8  1.3303
  809   13305   1634    8  1.3298
  810   13255   1607    8  1.3302
  811   13284   1607    8  1.3306
  812   13257   1601    5  1.3295
  813   13260   1621    6  1.3300
  814   13270   1609    8  1.3300
  815   13173   1619    5  1.3303
  816   13279   1550    6  1.3299
  817   13214   1596    4  1.3309
  818   13238   1592    5  1.3300
  819   13318   1574    7  1.3300
  820   13279   1593    7  1.3300
  821   13282   1636    8  1.3307
  822   13290   1592    5  1.3308
  823   13293   1602    8  1.3302
  824   13289   1605    5  1.3312
  825   13216   1600    6  1.3308
  826   13211   1594    5  1.3298
  827   13209   1587    6  1.3299
  828   13249   1621    5  1.3310
  829   13207   1568    6  1.3303
  830   13242   1586    5  1.3310
  831   13285   1628    6  1.3318
  832   13236   1600    9  1.3318
  833   13284   1605    6  1.3334
  834   13310   1569    7  1.3300
  835   13312   1601    8  1.3315
  836   13237   1593    7  1.3308
  837   13306   1589    6  1.3315
  838   13258   1621    6  1.3330
  839   13250   1633    5  1.3320
  840   13257   1576    7  1.3321
  841   13252   1559    8  1.3320
  842   13247   1585    6  1.3323
  843   13251   1590    5  1.3326
  844   13208   1579    7  1.3313
  845   13239   1583    8  1.3320
  846   13210   1610    7  1.3334
  847   13261   1611    6  1.3329
  848   13264   1601    6  1.3306
  849   13196   1581    6  1.3312
  850   13239   1585    7  1.3311
  851   13252   1570    5  1.3304
  852   13272   1638    7  1.3306
  853   13236   1591   10  1.3298
  854   13247   1586    6  1.3305
  855   13248   1614    5  1.3300
  856   13233   1596    5  1.3301
  857   13337   1595    7  1.3292
  858   13214   1603    7  1.3289
  859   13285   1623    7  1.3302
  860   13165   1622    4  1.3297
  861   13238   1611    5  1.3298
  862   13316   1619    4  1.3291
  863   13327   1612    7  1.3295
  864   13286   1628    6  1.3302
  865   13210   1580    9  1.3297
  866   13237   1562    7  1.3299
  867   13272   1643    5  1.3290
  868   13259   1629    5  1.3297
  869   13244   1602    7  1.3305
  870   13304   1582    7  1.3300
  871   13285   1601    5  1.3297
  872   13263   1581    6  1.3292
  873   13242   1608    5  1.3289
  874   13287   1624    5  1.3298
  875   13312   1596   11  1.3291
  876   13272   1591    7  1.3298
  877   13312   1635    8  1.3297
  878   13278   1608    5  1.3299
  879   13278   1565    8  1.3305
  880   13280   1592    6  1.3300
  881   13292   1612    7  1.3295
  882   13265   1587    9  1.3302
  883   13245   1605    6  1.3298
  884   13224   1616    5  1.3300
  885   13244   1581    7  1.3305
  886   13235   1603    8  1.3307
  887   13248   1598    8  1.3309
  888   13318   1611    4  1.3305
  889   13327   1586    6  1.3300
  890   13284   1640    9  1.3303
  891   13247   1592    6  1.3311
  892   13249   1608    8  1.3302
  893   13254   1628    5  1.3309
  894   13267   1571    7  1.3303
  895   13214   1579    7  1.3302
  896   13276   1585    5  1.3306
  897   13305   1582    9  1.3303
  898   13306   1568    7  1.3311
  899   13238   1605    9  1.3303
  900   13301   1557    7  1.3307
  901   13290   1622    4  1.3304
  902   13277   1560    6  1.3305
  903   13224   1597    7  1.3306
  904   13250   1563   11  1.3305
  905   13277   1594    6  1.3315
  906   13264   1615    6  1.3302
  907   13306   1612    7  1.3302
  908   13257   1601    7  1.3301
  909   13262   1547    8  1.3311
  910   13221   1555    5  1.3309
  911   13239   1589    4  1.3309
  912   13230   1590    5  1.3304
  913   13229   1583    8  1.3299
  914   13289   1608    4  1.3304
  915   13222   1621    5  1.3294
  916   13283   1606    7  1.3302
  917   13286   1597    9  1.3296
  918   13261   1576    8  1.3302
  919   13184   1601    5  1.3302
  920   13226   1604    6  1.3295
  921   13297   1601    6  1.3289
  922   13310   1608    5  1.3294
  923   13296   1610    6  1.3299
  924   13287   1614    6  1.3291
  925   13213   1580    7  1.3296
  926   13279   1602    7  1.3303
  927   13285   1593    3  1.3290
  928   13308   1615    5  1.3305
  929   13272   1559    7  1.3296
  930   13247   1594    8  1.3292
  931   13260   1594   10  1.3288
  932   13227   1602    5  1.3282
  933   13186   1580    7  1.3296
  934   13292   1608    9  1.3295
  935   13259   1562    7  1.3298
  936   13286   1584    6  1.3302
  937   13235   1575    5  1.3289
  938   13281   1597    6  1.3288
  939   13294   1598    5  1.3302
  940   13219   1559    8  1.3299
  941   13269   1578   13  1.3292
  942   13207   1580    9  1.3293
  943   13225   1605    7  1.3294
  944   13226   1604    8  1.3296
  945   13216   1605    9  1.3298
  946   13274   1588    7  1.3292
  947   13199   1604    6  1.3298
  948   13229   1608    5  1.3295
  949   13265   1582    9  1.3302
  950   13327   1607    6  1.3297
  951   13272   1573    7  1.3302
  952   13268   1629    5  1.3309
  953   13322   1605    9  1.3304
  954   13234   1564    7  1.3303
  955   13305   1582   10  1.3304
  956   13299   1605    6  1.3307
  957   13276   1608    5  1.3308
  958   13196   1554    6  1.3316
  959   13235   1614    7  1.3314
  960   13295   1624    5  1.3325
  961   13261   1579    4  1.3307
  962   13302   1627    5  1.3314
  963   13232   1569    7  1.3305
  964   13226   1572    6  1.3306
  965   13262   1599   10  1.3310
  966   13256   1607    6  1.3310
  967   13251   1576    7  1.3307
  968   13293   1604    6  1.3310
  969   13280   1593    8  1.3311
  970   13284   1593    7  1.3309
  971   13277   1581    6  1.3308
  972   13240   1603    7  1.3324
  973   13272   1598    6  1.3306
  974   13229   1615    5  1.3317
  975   13271   1582    8  1.3302
  976   13274   1600    6  1.3299
  977   13277   1604    7  1.3306
  978   13247   1596    7  1.3294
  979   13211   1611   10  1.3301
  980   13228   1565    6  1.3300
  981   13270   1641    5  1.3285
  982   13292   1599    5  1.3295
  983   13242   1646    6  1.3300
  984   13326   1588   10  1.3296
  985   13291   1616    4  1.3288
  986   13261   1576    8  1.3295
  987   13304   1589    7  1.3296
  988   13259   1604    4  1.3301
  989   13277   1582    7  1.3294
  990   13237   1592    6  1.3295
  991   13204   1609    6  1.3288
  992   13336   1629    6  1.3298
  993   13299   1590    6  1.3305
  994   13276   1588    6  1.3291
  995   13262   1566    6  1.3298
  996   13235   1615    4  1.3298
  997   13272   1600    4  1.3298
  998   13251   1620    7  1.3299
  999   13279   1606    7  1.3286
 1000   13238   1601    6  1.3303
 1001   13355   1611    4  1.3306
 1002   13202   1573    7  1.3297
 1003   13295   1605    8  1.3295
 1004   13233   1640    7  1.3291
 1005   13247   1607    4  1.3302
 1006   13237   1619    7  1.3303
 1007   13240   1583    9  1.3296
 1008   13272   1573    7  1.3306
 1009   13241   1548    8  1.3294
 1010   13265   1587    8  1.3299
 1011   13313   1588    8  1.3302
 1012   13242   1569    9  1.3294
 1013   13268   1573    6  1.3298
 1014   13316   1586    9  1.3302
 1015   13298   1603    4  1.3302
 1016   13255   1592    4  1.3307
 1017   13319   1620    5  1.3297
 1018   13249   1608    8  1.3309
 1019   13252   1582    8  1.3307
 1020   13264   1597    4  1.3306
 1021   13273   1608    7  1.3304
 1022   13230   1568    7  1.3306
 1023   13194   1572   11  1.3309
 1024   13250   1618    4  1.3315
 1025   13211   1582    5  1.3313
 1026   13212   1556    5  1.3304
 1027   13309   1585    8  1.3301
 1028   13235   1578    8  1.3302
 1029   13262   1598    7  1.3299
 1030   13192   1557    7  1.3297
 1031   13194   1568    8  1.3305
 1032   13264   1589    8  1.3304
 1033   13305   1617    6  1.3289
 1034   13258   1592    5  1.3304
 1035   13342   1651    5  1.3301
 1036   13263   1621    3  1.3300
 1037   13298   1614    9  1.3306
 1038   13243   1601    4  1.3293
 1039   13304   1594    6  1.3309
 1040   13282   1608    9  1.3297
 1041   13261   1644    4  1.3303
 1042   13263   1604    5  1.3292
 1043   13257   1609    6  1.3301
 1044   13292   1626    4  1.3299
 1045   13263   1598    7  1.3303
 1046   13310   1588    8  1.3308
 1047   13300   1644    4  1.3295
 1048   13268   1605    5  1.3305
 1049   13307   1609    8  1.3305
 1050   13239   1599    4  1.3296
 1051   13296   1604    9  1.3297
 1052   13346   1628    5  1.3299
 1053   13238   1543    8  1.3303
 1054   13285   1600    6  1.3303
 1055   13206   1596    8  1.3303
 1056   13260   1638    5  1.3305
 1057   13217   1596    9  1.3293
 1058   13291   1642    5  1.3305
 1059   13226   1568    5  1.3298
 1060   13242   1616    4  1.3302
 1061   13268   1624    7  1.3297
 1062   13248   1634    7  1.3301
 1063   13333   1580    7  1.3297
 1064   13317   1620    7  1.3302
 1065   13334   1571    5  1.3298
 1066   13282   1591    8  1.3295
 1067   13267   1632    6  1.3302
 1068   13317   1599    7  1.3304
 1069   13236   1594    6  1.3306
 1070   13302   1599    5  1.3305
 1071   13226   1615    5  1.3301
 1072   13301   1624    8  1.3302
 1073   13316   1609    6  1.3301
 1074   13222   1611    8  1.3301
 1075   13278   1622   10  1.3293
 1076   13250   1606    7  1.3306
 1077   13286   1586    5  1.3303
 1078   13219   1585    6  1.3306
 1079   13262   1629    9  1.3307
 1080   13233   1614    4  1.3309
 1081   13303   1589    6  1.3305
 1082   13245   1615    6  1.3303
 1083   13291   1601    9  1.3304
 1084   13277   1586    7  1.3305
 1085   13325   1608    7  1.3301
 1086   13253   1618    5  1.3305
 1087   13265   1606    6  1.3300
 1088   13261   1597    8  1.3298
 1089   13235   1596    5  1.3295
 1090   13285   1601    4  1.3298
 1091   13224   1593    6  1.3300
 1092   13202   1581    7  1.3301
 1093   13285   1600    7  1.3302
 1094   13360   1591    9  1.3302
 1095   13260   1638    4  1.3304
 1096   13265   1617    5  1.3300
 1097   13246   1597    3  1.3283
 1098   13260   1598    6  1.3299
 1099   13253   1601    7  1.3300
 1100   13241   1606    7  1.3300
 1101   13266   1636    5  1.3301
 1102   13298   1589    8  1.3299
 1103   13266   1613    5  1.3306
 1104   13335   1596    7  1.3300
 1105   13264   1681    4  1.3304
 1106   13314   1594    7  1.3301
 1107   13301   1615    8  1.3300
 1108   13294   1624    7  1.3308
 1109   13325   1620    5  1.3299
 1110   13290   1632    6  1.3306
 1111   13270   1610    7  1.3300
 1112   13259   1613    6  1.3300
 1113   13255   1609    7  1.3303
 1114   13289   1624    4  1.3296
 1115   13304   1624    8  1.3303
 1116   13246   1575    5  1.3284
 1117   13260   1589    9  1.3292
 1118   13265   1661    5  1.3304
 1119   13293   1625    4  1.3304
 1120   13247   1620    7  1.3302
 1121   13194   1581    9  1.3304
 1122   13227   1588    7  1.3294
 1123   13268   1615    5  1.3303
 1124   13242   1620    9  1.3302
 1125   13206   1633    6  1.3301
 1126   13317   1681    9  1.3299
 1127   13320   1680    5  1.3293
 1128   13241   1680    7  1.3295
 1129   13304   1679    7  1.3297
 1130   13249   1669    5  1.3306
 1131   13324   1744    6  1.3295
 1132   13228   1665    6  1.3292
 1133   13223   1664    8  1.3295
 1134   13289   1701   10  1.3287
 1135   13319   1670   11  1.3284
 1136   13257   1685    6  1.3289
 1137   13259   1707    8  1.3272
 1138   13322   1694    6  1.3265
 1139   13342   1708    6  1.3258
 1140   13274   1664    8  1.3270
 1141   13311   1634    7  1.3269
 1142   13316   1671    4  1.3248
 1143   13365   1621    8  1.3246
 1144   13269   1640    6  1.3243
 1145   13330   1654    8  1.3249
 1146   13253   1638    9  1.3267
 1147   13318   1641    6  1.3264
 1148   13252   1632    9  1.3261
 1149   13287   1685    9  1.3242
 1150   13235   1665    5  1.3246
 1151   13285   1682    4  1.3253
 1152   13271   1647    8  1.3262
 1153   13211   1617    9  1.3257
 1154   13342   1625    9  1.3266
 1155   13317   1617    6  1.3293
 1156   13255   1635    6  1.3272
 1157   13207   1584    5  1.3287
 1158   13237   1633    7  1.3298
 1159   13254   1627    4  1.3285
 1160   13211   1607    5  1.3295
 1161   13202   1641    5  1.3294
 1162   13300   1583    6  1.3282
 1163   13245   1593    5  1.3294
 1164   13213   1546    6  1.3301
 1165   13290   1575    4  1.3293
 1166   13233   1553    6  1.3300
 1167   13257   1587    9  1.3318
 1168   13249   1581    9  1.3302
 1169   13194   1555    7  1.3321
 1170   13306   1594    5  1.3314
 1171   13245   1550    8  1.3291
 1172   13197   1581    6  1.3305
 1173   13221   1601    3  1.3291
 1174   13228   1576    7  1.3292
 1175   13264   1561    6  1.3311
 1176   13188   1534    8  1.3295
 1177   13138   1610    5  1.3296
 1178   13229   1620    8  1.3307
 1179   13220   1567    9  1.3313
 1180   13241   1598    6  1.3292
 1181   13220   1584    6  1.3309
 1182   13226   1582    8  1.3307
 1183   13184   1559    8  1.3312
 1184   13235   1541    6  1.3317
 1185   13226   1574    7  1.3316
 1186   13238   1608    4  1.3310
 1187   13262   1596    8  1.3302
 1188   13298   1577    8  1.3289
 1189   13213   1564    6  1.3313
 1190   13220   1570    6  1.3314
 1191   13245   1594    6  1.3296
 1192   13219   1575    7  1.3301
 1193   13264   1581    4  1.3290
 1194   13281   1626    6  1.3306
 1195   13243   1592    8  1.3287
 1196   13127   1552    9  1.3299
 1197   13235   1577    5  1.3299
 1198   13264   1589    5  1.3316
 1199   13181   1579    5  1.3308
 1200   13283   1589    6  1.3298
 1201   13211   1539    3  1.3301
 1202   13245   1548    7  1.3285
 1203   13250   1562    6  1.3301
 1204   13216   1538    7  1.3299
 1205   13198   1564    6  1.3302
 1206   13240   1511   10  1.3314
 1207   13227   1600    4  1.3315
 1208   13211   1600    6  1.3299
 1209   13219   1564    5  1.3297
 1210   13255   1632    9  1.3304
 1211   13219   1602    7  1.3298
 1212   13227   1546    7  1.3308
 1213   13181   1578    7  1.3285
 1214   13240   1593    7  1.3296
 1215   13261   1567    5  1.3291
 1216   13212   1600    9  1.3308
 1217   13275   1558    6  1.3284
 1218   13230   1571    7  1.3317
 1219   13233   1563    7  1.3299
 1220   13200   1561    7  1.3281
 1221   13254   1594    9  1.3288
 1222   13207   1561    6  1.3288
 1223   13260   1570    6  1.3303
 1224   13206   1569    6  1.3317
 1225   13279   1578    5  1.3311
 1226   13251   1594    5  1.3313
 1227   13261   1548    7  1.3301
 1228   13273   1575    6  1.3293
 1229   13260   1561    6  1.3301
 1230   13261   1550    5  1.3302
 1231   13279   1613    5  1.3308
 1232   13248   1577    5  1.3288
 1233   13223   1561    4  1.3326
 1234   13215   1554    5  1.3301
 1235   13239   1520    7  1.3311
 1236   13304   1595    6  1.3314
 1237   13233   1556    9  1.3310
 1238   13293   1594    7  1.3313
 1239   13270   1572    9  1.3323
 1240   13215   1588    5  1.3309
 1241   13305   1592    9  1.3306
 1242   13240   1575    6  1.3307
 1243   13277   1585    4  1.3312
 1244   13260   1577    7  1.3308
 1245   13257   1598    5  1.3311
 1246   13245   1598    3  1.3304
 1247   13268   1549    5  1.3309
 1248   13275   1591    6  1.3305
 1249   13239   1516    9  1.3305
 1250   13250   1579    6  1.3294
 1251   13232   1579    5  1.3295
 1252   13265   1568    8  1.3296
 1253   13303   1605    6  1.3294
 1254   13226   1569    5  1.3307
 1255   13216   1607    6  1.3296
 1256   13257   1569    9  1.3305
 1257   13285   1574    6  1.3290
 1258   13313   1554    8  1.3290
 1259   13224   1611    6  1.3276
 1260   13202   1537    4  1.3270
 1261   13235   1589    6  1.3289
 1262   13251   1586    5  1.3276
 1263   13266   1608    6  1.3275
 1264   13195   1580    8  1.3278
 1265   13280   1577    8  1.3286
 1266   13193   1561    4  1.3275
 1267   13346   1594    7  1.3265
 1268   13221   1575    9  1.3262
 1269   13280   1560    7  1.3258
 1270   13241   1544   13  1.3269
 1271   13291   1587    9  1.3272
 1272   13288   1616    6  1.3279
 1273   13275   1579    7  1.3258
 1274   13235   1575    5  1.3266
 1275   13277   1599    5  1.3297
 1276   13222   1586    5  1.3277
 1277   13235   1585    6  1.3268
 1278   13263   1582    6  1.3282
 1279   13224   1520    8  1.3268
 1280   13267   1587    8  1.3277
 1281   13222   1537    5  1.3290
 1282   13288   1599    5  1.3309
 1283   13226   1584    6  1.3287
 1284   13240   1527    9  1.3288
 1285   13257   1577    6  1.3297
 1286   13279   1558    8  1.3314
 1287   13283   1567    5  1.3312
 1288   13240   1571    8  1.3305
 1289   13206   1587    3  1.3308
 1290   13239   1551    7  1.3302
 1291   13268   1599    6  1.3295
 1292   13233   1601    7  1.3303
 1293   13198   1541    7  1.3295
 1294   13206   1612    6  1.3301
 1295   13242   1608    7  1.3286
 1296   13213   1589    6  1.3297
 1297   13232   1554    7  1.3281
 1298   13245   1604    5  1.3279
 1299   13262   1599    6  1.3308
 1300   13249   1574    6  1.3295
 1301   13230   1575    6  1.3288
 1302   13215   1583    6  1.3296
 1303   13229   1567    6  1.3296
 1304   13231   1592    6  1.3301
 1305   13198   1587    8  1.3299
 1306   13209   1554    7  1.3310
 1307   13193   1580    6  1.3296
 1308   13273   1595    7  1.3295
 1309   13279   1599    7  1.3273
 1310   13264   1582    7  1.3296
 1311   13276   1613    6  1.3295
 1312   13231   1585    4  1.3285
 1313   13197   1606    5  1.3285
 1314   13210   1562    5  1.3273
 1315   13224   1594    9  1.3276
 1316   13193   1593    5  1.3290
 1317   13224   1555    6  1.3273
 1318   13257   1580    8  1.3277
 1319   13202   1576    6  1.3270
 1320   13289   1620    6  1.3266
 1321   13274   1588    7  1.3265
 1322   13304   1578    8  1.3275
 1323   13228   1567    4  1.3273
 1324   13204   1609    4  1.3277
 1325   13235   1570    6  1.3280
 1326   13260   1575   12  1.3279
 1327   13278   1577    5  1.3278
 1328   13234   1565    5  1.3266
 1329   13270   1587    8  1.3268
 1330   13214   1584    6  1.3270
 1331   13181   1574    9  1.3266
 1332   13310   1607    7  1.3283
 1333   13262   1592    5  1.3262
 1334   13263   1582   10  1.3290
 1335   13228   1597    5  1.3267
 1336   13300   1587    8  1.3256
 1337   13177   1581    4  1.3266
 1338   13236   1537    8  1.3276
 1339   13192   1566    6  1.3277
 1340   13225   1573    5  1.3259
 1341   13250   1547    9  1.3254
 1342   13192   1571    7  1.3273
 1343   13247   1583    4  1.3279
 1344   13271   1586    7  1.3282
 1345   13273   1548    5  1.3259
 1346   13235   1572    8  1.3256
 1347   13286   1563    6  1.3280
 1348   13238   1611    7  1.3278
 1349   13262   1578    7  1.3263
 1350   13291   1602    8  1.3285
 1351   13262   1545    8  1.3277
 1352   13256   1591    5  1.3281
 1353   13245   1577    5  1.3274
 1354   13303   1581    6  1.3283
 1355   13315   1574    6  1.3277
 1356   13250   1613    4  1.3282
 1357   13203   1578    8  1.3306
 1358   13237   1571    5  1.3281
 1359   13245   1546    8  1.3298
 1360   13277   1571    6  1.3303
 1361   13251   1605    7  1.3303
 1362   13241   1578    8  1.3301
 1363   13268   1590    5  1.3304
 1364   13257   1580    5  1.3296
 1365   13199   1605    6  1.3284
 1366   13222   1545    6  1.3280
 1367   13264   1580    5  1.3304
 1368   13162   1612    4  1.3299
 1369   13276   1567    6  1.3295
 1370   13209   1561    7  1.3304
 1371   13304   1568    4  1.3297
 1372   13229   1583    4  1.3301
 1373   13238   1587    5  1.3288
 1374   13190   1573    5  1.3287
 1375   13283   1616    7  1.3298
 1376   13241   1627    4  1.3298
 1377   13197   1593    8  1.3279
 1378   13194   1521    7  1.3271
 1379   13262   1588    7  1.3255
 1380   13218   1581    6  1.3255
 1381   13253   1595    8  1.3263
 1382   13304   1596    5  1.3256
 1383   13273   1589    8  1.3280
 1384   13292   1618    8  1.3263
 1385   13193   1574    9  1.3266
 1386   13300   1599    8  1.3256
 1387   13257   1618    5  1.3274
 1388   13261   1583    7  1.3258
 1389   13296   1565    8  1.3264
 1390   13244   1582    5  1.3265
 1391   13240   1593    6  1.3258
 1392   13250   1570    5  1.3257
 1393   13243   1558    8  1.3256
 1394   13283   1575    6  1.3284
 1395   13223   1639    4  1.3267
 1396   13257   1572    9  1.3270
 1397   13294   1601    5  1.3263
 1398   13217   1577    6  1.3258
 1399   13246   1612    8  1.3255
 1400   13293   1537    9  1.3242
 1401   13255   1616    3  1.3258
 1402   13288   1524    7  1.3275
 1403   13249   1600    6  1.3257
 1404   13287   1614    8  1.3273
 1405   13260   1565    8  1.3259
 1406   13263   1597    5  1.3255
 1407   13241   1571    6  1.3254
 1408   13287   1568    5  1.3257
 1409   13222   1570    5  1.3267
 1410   13261   1553    6  1.3266
 1411   13218   1581    8  1.3255
 1412   13313   1589    7  1.3259
 1413   13236   1612    6  1.3281
 1414   13292   1575    9  1.3263
 1415   13271   1593    7  1.3271
 1416   13264   1550    9  1.3252
 1417   13284   1614    4  1.3248
 1418   13197   1528    6  1.3258
 1419   13288   1577    6  1.3257
 1420   13256   1561    8  1.3273
 1421   13241   1581    7  1.3281
 1422   13276   1564    6  1.3288
 1423   13198   1591    8  1.3285
 1424   13249   1565    6  1.3274
 1425   13264   1566    8  1.3291
 1426   13240   1552    6  1.3310
 1427   13279   1584    5  1.3297
 1428   13217   1579    4  1.3276
 1429   13281   1582    5  1.3283
 1430   13191   1559    5  1.3277
 1431   13226   1582    5  1.3294
 1432   13250   1579    7  1.3293
 1433   13236   1590    5  1.3289
 1434   13254   1583    7  1.3306
 1435   13249   1556    5  1.3311
 1436   13182   1564    7  1.3303
 1437   13221   1622    5  1.3289
 1438   13254   1600    6  1.3301
 1439   13214   1556    6  1.3292
 1440   13265   1555    9  1.3325
 1441   13201   1542    5  1.3294
 1442   13251   1618    4  1.3314
 1443   13295   1537    9  1.3310
 1444   13279   1527    7  1.3288
 1445   13247   1606    6  1.3286
 1446   13203   1587    9  1.3273
 1447   13180   1555    6  1.3281
 1448   13271   1596    6  1.3286
 1449   13160   1534    8  1.3264
 1450   13245   1592    7  1.3278
 1451   13269   1646    3  1.3265
 1452   13237   1574    8  1.3271
 1453   13207   1604    4  1.3283
 1454   13294   1593    8  1.3284
 1455   13267   1564    7  1.3262
 1456   13267   1583    7  1.3265
 1457   13275   1562    7  1.3260
 1458   13285   1578    8  1.3278
 1459   13204   1592    4  1.3254
 1460   13259   1550    8  1.3283
 1461   13252   1549    6  1.3275
 1462   13280   1585    7  1.3259
 1463   13322   1600    9  1.3266
 1464   13173   1588    7  1.3264
 1465   13187   1598    7  1.3258
 1466   13225   1617    5  1.3271
 1467   13194   1580    3  1.3257
 1468   13216   1605    5  1.3266
 1469   13240   1546    7  1.3261
 1470   13228   1593    7  1.3276
 1471   13200   1602    8  1.3258
 1472   13279   1591    7  1.3255
 1473   13245   1587    9  1.3278
 1474   13229   1596    6  1.3247
 1475   13297   1600    7  1.3271
 1476   13283   1592    8  1.3283
 1477   13234   1580    5  1.3270
 1478   13223   1618    5  1.3257
 1479   13297   1574    7  1.3273
 1480   13270   1604    8  1.3286
 1481   13224   1552    7  1.3277
 1482   13226   1588    6  1.3263
 1483   13297   1568    7  1.3257
 1484   13317   1544    7  1.3263
 1485   13161   1565    8  1.3285
 1486   13282   1586    6  1.3278
 1487   13145   1560    9  1.3269
 1488   13277   1601    5  1.3270
 1489   13221   1586    7  1.3282
 1490   13250   1559    7  1.3292
 1491   13225   1561    6  1.3275
 1492   13243   1549    8  1.3305
 1493   13236   1589    5  1.3282
 1494   13261   1569    5  1.3286
 1495   13331   1583    7  1.3295
 1496   13257   1565    7  1.3295
 1497   13257   1590    4  1.3288
 1498   13260   1607    4  1.3283
 1499   13236   1604    6  1.3289
 1500   13194   1523    7  1.3291
 1501   13217   1590    7  1.3279
 1502   13266   1567    8  1.3297
 1503   13221   1579    5  1.3306
 1504   13205   1583    6  1.3288
 1505   13240   1605    5  1.3282
 1506   13321   1552    9  1.3278
 1507   13230   1552    6  1.3296
 1508   13217   1563    4  1.3306
 1509   13247   1583    7  1.3311
 1510   13226   1601    5  1.3281
 1511   13158   1519    7  1.3288
 1512   13179   1512    9  1.3300
 1513   13245   1580    5  1.3308
 1514   13243   1590    5  1.3273
 1515   13231   1569    8  1.3278
 1516   13251   1584    4  1.3268
 1517   13294   1581    5  1.3278
 1518   13288   1547    9  1.3283
 1519   13253   1559    8  1.3280
 1520   13266   1590    6  1.3259
 1521   13270   1601    5  1.3255
 1522   13203   1595    7  1.3260
 1523   13252   1611    7  1.3260
 1524   13286   1583    8  1.3256
 1525   13279   1554    7  1.3274
 1526   13200   1578    5  1.3256
 1527   13245   1561    6  1.3254
 1528   13311   1593    6  1.3264
 1529   13245   1560    6  1.3272
 1530   13247   1581    7  1.3260
 1531   13267   1570    6  1.3257
 1532   13267   1579    7  1.3260
 1533   13252   1567    8  1.3266
 1534   13284   1577    6  1.3258
 1535   13185   1576    4  1.3260
 1536   13215   1551    6  1.3260
 1537   13295   1607    8  1.3265
 1538   13213   1598    8  1.3256
 1539   13206   1543   12  1.3280
 1540   13225   1580    5  1.3262
 1541   13202   1560    7  1.3264
 1542   13260   1571    7  1.3257
 1543   13270   1594   11  1.3261
 1544   13315   1625    5  1.3274
 1545   13202   1611    7  1.3278
 1546   13338   1583    4  1.3278
 1547   13280   1569    6  1.3262
 1548   13242   1575    5  1.3266
 1549   13273   1591    8  1.3268
 1550   13170   1572    7  1.3269
 1551   13257   1606    6  1.3266
 1552   13268   1601    6  1.3268
 1553   13217   1575    6  1.3281
 1554   13294   1586    7  1.3285
 1555   13277   1596    4  1.3283
 1556   13327   1592    8  1.3269
 1557   13331   1551    7  1.3284
 1558   13235   1584    6  1.3274
 1559   13250   1566    7  1.3273
 1560   13222   1607    8  1.3291
 1561   13270   1574    6  1.3297
 1562   13227   1520    7  1.3279
 1563   13193   1539   13  1.3306
 1564   13236   1563    6  1.3284
 1565   13203   1579    5  1.3305
 1566   13291   1577    5  1.3309
 1567   13209   1556   10  1.3301
 1568   13240   1538    7  1.3292
 1569   13228   1582    7  1.3291
 1570   13241   1563    6  1.3279
 1571   13270   1617    5  1.3294
 1572   13215   1579    8  1.3293
 1573   13248   1580    6  1.3308
 1574   13241   1573    5  1.3267
 1575   13245   1570    5  1.3279
 1576   13226   1565    7  1.3290
 1577   13250   1536    8  1.3279
 1578   13278   1609    6  1.3283
 1579   13248   1562    7  1.3276
 1580   13255   1537    5  1.3290
 1581   13253   1538    8  1.3309
 1582   13220   1591    6  1.3293
 1583   13170   1561    5  1.3290
 1584   13197   1605    8  1.3278
 1585   13218   1554    8  1.3271
 1586   13276   1595    5  1.3260
 1587   13309   1606   10  1.3254
 1588   13286   1587    8  1.3280
 1589   13260   1564    8  1.3264
 1590   13185   1590    6  1.3255
 1591   13252   1597    7  1.3273
 1592   13316   1597    3  1.3267
 1593   13228   1589    6  1.3254
 1594   13258   1591    7  1.3248
 1595   13225   1562   10  1.3268
 1596   13300   1598    8  1.3254
 1597   13266   1587    9  1.3252
 1598   13259   1556    9  1.3260
 1599   13277   1625    7  1.3266
 1600   13159   1564    9  1.3256
 1601   13269   1559    5  1.3256
 1602   13271   1556    8  1.3275
 1603   13277   1633    9  1.3255
 1604   13233   1591    5  1.3258
 1605   13247   1566    9  1.3252
 1606   13230   1548    7  1.3257
 1607   13287   1594    7  1.3258
 1608   13277   1632    3  1.3255
 1609   13266   1589    6  1.3247
 1610   13263   1584    5  1.3258
 1611   13184   1614    6  1.3249
 1612   13267   1557    7  1.3262
 1613   13292   1615    9  1.3260
 1614   13284   1576    6  1.3257
 1615   13280   1602    6  1.3258
 1616   13270   1587    6  1.3262
 1617   13266   1580    7  1.3247
 1618   13270   1581    5  1.3259
 1619   13288   1595    7  1.3262
 1620   13332   1575    8  1.3260
 1621   13280   1608    6  1.3264
 1622   13219   1541    7  1.3273
 1623   13296   1605    5  1.3269
 1624   13264   1559    8  1.3261
 1625   13246   1581    7  1.3270
 1626   13289   1577    7  1.3282
 1627   13289   1597    7  1.3268
 1628   13228   1551   11  1.3273
 1629   13254   1594    4  1.3255
 1630   13242   1580    5  1.3262
 1631   13250   1557    6  1.3261
 1632   13241   1556    8  1.3270
 1633   13243   1585    7  1.3284
 1634   13220   1605    6  1.3289
 1635   13277   1589    5  1.3266
 1636   13232   1547    6  1.3289
 1637   13193   1573    7  1.3258
 1638   13235   1603    4  1.3251
 1639   13212   1573    4  1.3270
 1640   13233   1588    4  1.3249
 1641   13221   1571    6  1.3253
 1642   13240   1606    6  1.3275
 1643   13250   1586    7  1.3258
 1644   13270   1587    5  1.3260
 1645   13340   1596    7  1.3262
 1646   13270   1592    7  1.3254
 1647   13272   1573    5  1.3240
 1648   13214   1558    6  1.3274
 1649   13239   1607    6  1.3273
 1650   13236   1587    6  1.3277
 1651   13253   1608    5  1.3248
 1652   13252   1617    7  1.3254
 1653   13239   1572    6  1.3253
 1654   13225   1575    8  1.3272
 1655   13184   1560    7  1.3269
 1656   13197   1610    7  1.3267
 1657   13303   1570    6  1.3267
 1658   13266   1553    9  1.3248
 1659   13244   1600    3  1.3247
 1660   13261   1602    6  1.3248
 1661   13279   1610    9  1.3259
 1662   13245   1576    5  1.3250
 1663   13324   1592    6  1.3267
 1664   13227   1606    5  1.3246
 1665   13309   1592    6  1.3248
 1666   13230   1577    7  1.3247
 1667   13305   1601    4  1.3256
 1668   13232   1574    8  1.3259
 1669   13265   1606    7  1.3263
 1670   13270   1631    7  1.3276
 1671   13244   1562    9  1.3277
 1672   13237   1621    7  1.3277
 1673   13218   1577    6  1.3252
 1674   13276   1570    5  1.3261
 1675   13263   1532   11  1.3247
 1676   13265   1567    6  1.3250
 1677   13265   1593    5  1.3253
 1678   13264   1602    6  1.3274
 1679   13306   1608    5  1.3252
 1680   13237   1543    7  1.3257
 1681   13231   1573    6  1.3264
 1682   13193   1555    5  1.3280
 1683   13275   1594    7  1.3264
 1684   13227   1543    8  1.3282
 1685   13295   1601    7  1.3271
 1686   13258   1605    4  1.3273
 1687   13238   1577    8  1.3279
 1688   13270   1570    8  1.3259
 1689   13268   1609    4  1.3263
 1690   13245   1586    5  1.3274
 1691   13271   1612    9  1.3285
 1692   13224   1530    8  1.3279
 1693   13269   1572    8  1.3281
 1694   13229   1572    6  1.3280
 1695   13289   1587    6  1.3279
 1696   13261   1593    6  1.3272
 1697   13234   1569    7  1.3284
 1698   13221   1595    7  1.3274
 1699   13253   1565    6  1.3261
 1700   13219   1593    7  1.3281
 1701   13212   1591    7  1.3272
 1702   13229   1586    6  1.3261
 1703   13188   1568    8  1.3267
 1704   13225   1591    8  1.3263
 1705   13276   1565    6  1.3261
 1706   13220   1551    9  1.3266
 1707   13262   1538    8  1.3256
 1708   13167   1551    7  1.3263
 1709   13277   1557    9  1.3285
 1710   13271   1590    5  1.3263
 1711   13248   1572    8  1.3254
 1712   13252   1567    7  1.3254
 1713   13270   1628    4  1.3258
 1714   13264   1622    7  1.3249
 1715   13190   1557    7  1.3271
 1716   13292   1586    6  1.3265
 1717   13257   1550   10  1.3251
 1718   13307   1559    5  1.3253
 1719   13333   1585    7  1.3257
 1720   13263   1576    8  1.3250
 1721   13243   1591    7  1.3285
 1722   13253   1564    6  1.3252
 1723   13279   1591    5  1.3261
 1724   13299   1593    6  1.3255
 1725   13276   1586    8  1.3269
 1726   13251   1574    6  1.3265
 1727   13222   1579    6  1.3255
 1728   13246   1582    7  1.3259
 1729   13254   1604    6  1.3276
 1730   13248   1573    5  1.3271
 1731   13203   1583    6  1.3259
 1732   13251   1591    5  1.3262
 1733   13267   1587    6  1.3250
 1734   13250   1606    5  1.3268
 1735   13242   1588    4  1.3255
 1736   13213   1591    4  1.3270
 1737   13257   1584    7  1.3271
 1738   13233   1591    6  1.3281
 1739   13220   1597    7  1.3252
 1740   13287   1602    6  1.3272
 1741   13222   1567    9  1.3269
 1742   13205   1577    6  1.3257
 1743   13250   1610    7  1.3264
 1744   13209   1533    6  1.3256
 1745   13241   1572    6  1.3257
 1746   13277   1603    6  1.3273
 1747   13257   1555    7  1.3283
 1748   13284   1561    8  1.3251
 1749   13224   1609    5  1.3282
 1750   13252   1573   10  1.3267
 1751   13230   1558    9  1.3280
 1752   13287   1602    6  1.3268
 1753   13258   1586    5  1.3280
 1754   13294   1586    8  1.3263
 1755   13209   1588    5  1.3259
 1756   13209   1542    8  1.3266
 1757   13249   1615    5  1.3262
 1758   13271   1568    6  1.3264
 1759   13259   1596    5  1.3284
 1760   13253   1600    6  1.3270
 1761   13212   1562    6  1.3266
 1762   13250   1575    7  1.3267
 1763   13207   1572    8  1.3276
 1764   13220   1561   10  1.3267
 1765   13307   1584    5  1.3263
 1766   13184   1521    7  1.3293
 1767   13242   1595    5  1.3289
 1768   13297   1593    7  1.3260
 1769   13301   1588    8  1.3274
 1770   13287   1587    4  1.3276
 1771   13285   1538   11  1.3282
 1772   13228   1546    8  1.3264
 1773   13240   1562    7  1.3282
 1774   13256   1597    6  1.3266
 1775   13264   1592    5  1.3280
 1776   13234   1567    5  1.3256
 1777   13213   1565    8  1.3257
 1778   13238   1590   10  1.3259
 1779   13284   1600    6  1.3258
 1780   13281   1573    6  1.3268
 1781   13222   1580    5  1.3259
 1782   13213   1611    7  1.3281
 1783   13236   1591   10  1.3257
 1784   13237   1639    7  1.3268
 1785   13154   1584    7  1.3255
 1786   13264   1669    7  1.3250
 1787   13292   1584    6  1.3273
 1788   13281   1573    6  1.3274
 1789   13332   1624    3  1.3264
 1790   13270   1553    5  1.3266
 1791   13248   1551    7  1.3247
 1792   13210   1561    7  1.3247
 1793   13185   1530    5  1.3255
 1794   13203   1571    6  1.3265
 1795   13287   1589    6  1.3272
 1796   13277   1591    7  1.3253
 1797   13234   1601    5  1.3254
 1798   13298   1614    5  1.3256
 1799   13236   1593    4  1.3257
 1800   13221   1557   10  1.3257
 1801   13269   1567    6  1.3266
 1802   13225   1596    7  1.3266
 1803   13261   1591    4  1.3280
 1804   13287   1561    6  1.3270
 1805   13230   1595    7  1.3245
 1806   13259   1657    5  1.3256
 1807   13221   1583    4  1.3264
 1808   13295   1561   10  1.3254
 1809   13245   1622    5  1.3266
 1810   13222   1607    4  1.3261
 1811   13281   1583    8  1.3261
 1812   13253   1532    7  1.3260
 1813   13334   1634    4  1.3253
 1814   13247   1588    7  1.3266
 1815   13212   1560    7  1.3270
 1816   13170   1548    6  1.3254
 1817   13188   1582    9  1.3257
 1818   13213   1580    8  1.3265
 1819   13258   1616    3  1.3267
 1820   13192   1565    5  1.3264
 1821   13324   1574    6  1.3270
 1822   13261   1581    6  1.3245
 1823   13186   1590    5  1.3252
 1824   13260   1590    9  1.3276
 1825   13265   1568    8  1.3259
 1826   13327   1599    4  1.3258
 1827   13232   1580    7  1.3273
 1828   13266   1600    5  1.3251
 1829   13262   1564    6  1.3267
 1830   13221   1571    7  1.3263
 1831   13276   1594    8  1.3277
 1832   13211   1558    5  1.3266
 1833   13253   1596    6  1.3263
 1834   13261   1596    7  1.3283
 1835   13210   1580    6  1.3277
 1836   13310   1613    6  1.3266
 1837   13202   1572    8  1.3266
 1838   13256   1557    7  1.3269
 1839   13251   1568    6  1.3286
 1840   13249   1574    5  1.3280
 1841   13244   1559    5  1.3276
 1842   13192   1589    5  1.3265
 1843   13243   1592    6  1.3276
 1844   13196   1631    5  1.3265
 1845   13263   1595    6  1.3283
 1846   13340   1630    7  1.3266
 1847   13231   1554    7  1.3271
 1848   13240   1590   10  1.3268
 1849   13213   1595    4  1.3264
 1850   13358   1581    8  1.3286
 1851   13235   1591    6  1.3282
 1852   13248   1581    6  1.3264
 1853   13317   1651    6  1.3270
 1854   13243   1588    7  1.3250
 1855   13252   1576    6  1.3280
 1856   13251   1601    9  1.3261
 1857   13213   1569    6  1.3259
 1858   13270   1571    5  1.3248
 1859   13272   1543    8  1.3239
 1860   13265   1576    7  1.3274
 1861   13208   1567    6  1.3260
 1862   13281   1620    6  1.3271
 1863   13225   1570    6  1.3283
 1864   13243   1565    8  1.3259
 1865   13225   1559    7  1.3253
 1866   13276   1592    7  1.3251
 1867   13251   1594    5  1.3261
 1868   13231   1587    4  1.3256
 1869   13271   1585    6  1.3254
 1870   13284   1579    5  1.3262
 1871   13229   1575    7  1.3252
 1872   13226   1576    6  1.3261
 1873   13280   1605    6  1.3265
 1874   13297   1569    8  1.3253
 1875   13284   1551    8  1.3279
 1876   13310   1600    8  1.3254
 1877   13325   1609    8  1.3275
 1878   13327   1561    8  1.3252
 1879   13257   1590    5  1.3263
 1880   13278   1598    5  1.3259
 1881   13338   1602    6  1.3260
 1882   13226   1593    4  1.3272
 1883   13237   1577    6  1.3261
 1884   13239   1601    5  1.3261
 1885   13251   1604    9  1.3258
 1886   13296   1588    5  1.3267
 1887   13238   1560    6  1.3257
 1888   13258   1584    7  1.3262
 1889   13257   1609    8  1.3281
 1890   13261   1576    5  1.3261
 1891   13221   1591    5  1.3248
 1892   13266   1602    7  1.3259
 1893   13240   1574    7  1.3283
 1894   13272   1558    9  1.3260
 1895   13300   1617    9  1.3283
 1896   13210   1560   11  1.3277
 1897   13244   1598    6  1.3274
 1898   13244   1526    7  1.3284
 1899   13276   1600    7  1.3269
 1900   13203   1591    5  1.3275
 1901   13252   1608    5  1.3270
 1902   13252   1548    7  1.3263
 1903   13187   1596    6  1.3274
 1904   13203   1532    9  1.3262
 1905   13257   1615    4  1.3255
 1906   13250   1559    6  1.3259
 1907   13238   1590    7  1.3265
 1908   13264   1605    7  1.3261
 1909   13302   1584    7  1.3276
 1910   13245   1569    9  1.3262
 1911   13195   1570    6  1.3261
 1912   13227   1606    6  1.3280
 1913   13193   1554    9  1.3281
 1914   13286   1568    7  1.3263
 1915   13270   1597    6  1.3264
 1916   13252   1579    5  1.3263
 1917   13232   1552    7  1.3254
 1918   13347   1627    4  1.3257
 1919   13269   1602    9  1.3269
 1920   13310   1604    9  1.3248
 1921   13176   1546    7  1.3260
 1922   13252   1534    5  1.3275
 1923   13233   1571    5  1.3261
 1924   13222   1581    5  1.3260
 1925   13236   1566    6  1.3249
 1926   13321   1576    6  1.3265
 1927   13299   1574    6  1.3258
 1928   13224   1547    6  1.3257
 1929   13211   1567    6  1.3263
 1930   13219   1610    5  1.3245
 1931   13224   1594   11  1.3258
 1932   13338   1546    8  1.3267
 1933   13298   1597    4  1.3265
 1934   13192   1547    8  1.3267
 1935   13261   1627    6  1.3253
 1936   13312   1587    9  1.3263
 1937   13245   1568    6  1.3281
 1938   13279   1597    8  1.3283
 1939   13232   1536    9  1.3258
 1940   13219   1528    7  1.3258
 1941   13268   1600    9  1.3256
 1942   13310   1602    6  1.3269
 1943   13275   1591    5  1.3251
 1944   13284   1575    5  1.3259
 1945   13235   1577    7  1.3262
 1946   13223   1598    7  1.3262
 1947   13222   1565    5  1.3262
 1948   13289   1591    8  1.3283
 1949   13184   1586    8  1.3254
 1950   13247   1567    5  1.3259
 1951   13262   1586    4  1.3259
 1952   13282   1614    4  1.3262
 1953   13275   1573    6  1.3264
 1954   13276   1580    5  1.3287
 1955   13198   1610    5  1.3270
 1956   13230   1568    9  1.3268
 1957   13206   1593    6  1.3256
 1958   13231   1572    6  1.3283
 1959   13304   1576    7  1.3270
 1960   13182   1532    9  1.3268
 1961   13250   1560    8  1.3281
 1962   13269   1625    7  1.3256
 1963   13217   1587    5  1.3278
 1964   13240   1539    7  1.3278
 1965   13241   1598    6  1.3269
 1966   13189   1609    8  1.3270
 1967   13248   1541   11  1.3272
 1968   13273   1612    8  1.3266
 1969   13274   1566    6  1.3263
 1970   13199   1554    6  1.3269
 1971   13241   1564    6  1.3265
 1972   13236   1603    5  1.3268
 1973   13289   1553    5  1.3273
 1974   13252   1603    8  1.3271
 1975   13217   1583    4  1.3274
 1976   13308   1604    7  1.3251
 1977   13310   1601    4  1.3254
 1978   13287   1600    4  1.3251
 1979   13295   1578    4  1.3260
 1980   13242   1590    6  1.3266
 1981   13238   1586    9  1.3257
 1982   13230   1592    6  1.3263
 1983   13193   1590    6  1.3245
 1984   13274   1605    6  1.3252
 1985   13248   1568    7  1.3267
 1986   13228   1610    6  1.3242
 1987   13334   1609    6  1.3267
 1988   13267   1585    7  1.3263
 1989   13232   1583    7  1.3259
 1990   13291   1594    6  1.3263
 1991   13229   1570    5  1.3264
 1992   13215   1577    5  1.3282
 1993   13243   1596    6  1.3258
 1994   13235   1573    7  1.3256
 1995   13182   1570    6  1.3259
 1996   13229   1607    5  1.3279
 1997   13296   1582    8  1.3275
 1998   13280   1593    8  1.3276
 1999   13285   1618    8  1.3249
 2000   13218   1553    8  1.3258
 2001   13238   1598    6  1.3258
 2002   13188   1546    6  1.3266
 2003   13323   1551    7  1.3268
 2004   13206   1537    7  1.3259
 2005   13237   1564    9  1.3269
 2006   13262   1572    4  1.3270
 2007   13248   1602    5  1.3249
 2008   13292   1605    8  1.3260
 2009   13278   1591    9  1.3261
 2010   13228   1597    6  1.3267
 2011   13251   1590    6  1.3272
 2012   13221   1548    7  1.3261
 2013   13227   1564    7  1.3255
 2014   13181   1588    7  1.3264
 2015   13265   1532    8  1.3280
 2016   13256   1569    8  1.3277
 2017   13251   1590    5  1.3265
 2018   13235   1585    9  1.3256
 2019   13190   1579    7  1.3266
 2020   13249   1575    5  1.3268
 2021   13276   1598    9  1.3267
 2022   13317   1574    6  1.3252
 2023   13245   1603    8  1.3269
 2024   13295   1555    6  1.3266
 2025   13239   1561    5  1.3276
 2026   13240   1575    7  1.3265
 2027   13244   1572    4  1.3270
 2028   13214   1572    7  1.3271
 2029   13253   1589    6  1.3259
 2030   13279   1596    7  1.3256
 2031   13250   1562    6  1.3259
 2032   13252   1576    5  1.3265
 2033   13259   1626    4  1.3266
 2034   13276   1607    6  1.3268
 2035   13276   1631    5  1.3242
 2036   13281   1598    6  1.3244
 2037   13285   1638    5  1.3253
 2038   13243   1580    8  1.3244
 2039   13283   1576   11  1.3247
 2040   13256   1578    8  1.3252
 2041   13293   1592    4  1.3261
 2042   13257   1573    8  1.3261
 2043   13230   1580    7  1.3250
 2044   13352   1612    4  1.3253
 2045   13345   1609    9  1.3256
 2046   13263   1584    5  1.3260
 2047   13243   1576    6  1.3259
 2048   13225   1554    7  1.3256
 2049   13269   1542    9  1.3262
 2050   13242   1557    4  1.3258
 2051   13276   1584    5  1.3262
 2052   13220   1580    5  1.3253
 2053   13219   1591    6  1.3253
 2054   13261   1576    8  1.3271
 2055   13246   1584    6  1.3258
 2056   13259   1571    6  1.3248
 2057   13208   1581    6  1.3256
 2058   13249   1588    7  1.3254
 2059   13226   1561    7  1.3271
 2060   13285   1622    7  1.3265
 2061   13262   1575    9  1.3250
 2062   13227   1569    7  1.3273
 2063   13276   1556    6  1.3268
 2064   13236   1514    8  1.3262
 2065   13237   1586    5  1.3267
 2066   13246   1554    7  1.3259
 2067   13318   1609    8  1.3262
 2068   13222   1587    6  1.3273
 2069   13242   1596    7  1.3280
 2070   13256   1538    7  1.3267
 2071   13219   1560    6  1.3282
 2072   13319   1563    7  1.3288
 2073   13226   1571    5  1.3276
 2074   13215   1564    8  1.3278
 2075   13237   1582    5  1.3276
 2076   13275   1596    7  1.3284
 2077   13179   1554   10  1.3278
 2078   13277   1614    5  1.3250
 2079   13230   1584    8  1.3278
 2080   13304   1583    7  1.3292
 2081   13216   1587    5  1.3278
 2082   13240   1580    5  1.3279
 2083   13199   1607    9  1.3262
 2084   13292   1616    6  1.3288
 2085   13209   1562    9  1.3257
 2086   13263   1571    7  1.3260
 2087   13262   1570    8  1.3257
 2088   13258   1562    7  1.3259
 2089   13262   1588    6  1.3250
 2090   13264   1550    6  1.3262
 2091   13248   1570    8  1.3251
 2092   13267   1604    8  1.3247
 2093   13289   1575    7  1.3261
 2094   13325   1579    7  1.3273
 2095   13245   1602    4  1.3278
 2096   13294   1611    6  1.3266
 2097   13296   1598   10  1.3261
 2098   13268   1585    6  1.3263
 2099   13194   1576    9  1.3259
 2100   13209   1598    5  1.3259
 2101   13287   1579    9  1.3288
 2102   13236   1597    6  1.3260
 2103   13252   1592    8  1.3261
 2104   13233   1577    6  1.3262
 2105   13216   1618    6  1.3252
 2106   13263   1600    6  1.3253
 2107   13220   1606    5  1.3251
 2108   13294   1587    7  1.3264
 2109   13247   1586    6  1.3246
 2110   13190   1551    8  1.3243
 2111   13193   1578    5  1.3260
 2112   13233   1576    9  1.3244
 2113   13271   1586    4  1.3256
 2114   13275   1551   12  1.3239
 2115   13248   1577    4  1.3258
 2116   13253   1563    6  1.3254
 2117   13252   1594    8  1.3252
 2118   13234   1613    7  1.3252
