# frame  pts  resid  clusters  cz_m
  547   13381   2445    8  1.4625
  548   13426   2451   12  1.4657
  549   13412   2501    8  1.4639
  550   13358   2439    9  1.4643
  551   13375   2499   10  1.4643
  552   13390   2486    6  1.4663
  553   13318   2443    9  1.4677
  554   13329   2412   12  1.4664
  555   13435   2408   10  1.4676
  556   13432   2500   11  1.4681
  557   13375   2466    9  1.4699
  558   13371   2455    8  1.4685
  559   13341   2446   10  1.4693
  560   13412   2510    7  1.4683
  561   13398   2461    6  1.4683
  562   13439   2469    8  1.4682
  563   13466   2510    8  1.4691
  564   13379   2460    5  1.4695
  565   13384   2465   10  1.4688
  566   13353   2464    7  1.4669
  567   13418   2462    8  1.4688
  568   13391   2442    9  1.4681
  569   13370   2460    6  1.4695
  570   13475   2503    9  1.4693
  571   13312   2428    8  1.4701
  572   13413   2492    7  1.4716
  573   13398   2440    9  1.4717
  574   13420   2418    6  1.4717
  575   13355   2433    9  1.4725
  576   13362   2439    8  1.4705
  577   13413   2478    8  1.4712
  578   13403   2534    8  1.4722
  579   13391   2491    8  1.4711
  580   13376   2464    7  1.4714
  581   13415   2499    7  1.4731
  582   13359   2449    7  1.4723
  583   13400   2475    7  1.4720
  584   13386   2504    8  1.4732
  585   13434   2475    8  1.4747
  586   13415   2483    8  1.4743
  587   13423   2468    8  1.4735
  588   13418   2447    6  1.4732
  589   13319   2436    6  1.4742
  590   13442   2502    9  1.4736
  591   13343   2504    7  1.4736
  592   13385   2442    8  1.4735
  593   13405   2458    5  1.4737
  594   13380   2490    8  1.4731
  595   13460   2502    7  1.4736
  596   13453   2480    6  1.4732
  597   13374   2468    6  1.4738
  598   13395   2468    8  1.4739
  599   13393   2480    7  1.4739
  600   13425   2480    8  1.4751
  601   13393   2520    6  1.4738
  602   13429   2501    8  1.4735
  603   13394   2452    7  1.4731
  604   13355   2452    8  1.4738
  605   13458   2532    8  1.4744
  606   13374   2484    7  1.4741
  607   13420   2530    8  1.4738
  608   13410   2449    6  1.4746
  609   13374   2498   11  1.4742
  610   13414   2466   10  1.4729
  611   13384   2452    6  1.4729
  612   13378   2478    9  1.4735
  613   13314   2430    8  1.4727
  614   13380   2516    7  1.4727
  615   13474   2539    6  1.4730
  616   13359   2463    6  1.4716
  617   13353   2451    8  1.4729
  618   13458   2500    8  1.4719
  619   13451   2449    7  1.4726
  620   13388   2429    7  1.4731
  621   13437   2486    8  1.4710
  622   13404   2463    9  1.4709
  623   13404   2490    6  1.4711
  624   13442   2474    7  1.4723
  625   13413   2498    7  1.4711
  626   13426   2507    7  1.4715
  627   13401   2451   10  1.4707
  628   13404   2482    8  1.4705
  629   13370   2481    9  1.4716
  630   13491   2484    9  1.4717
  631   13435   2462   10  1.4710
  632   13356   2463    8  1.4723
  633   13413   2441    7  1.4709
  634   13397   2473    9  1.4719
  635   13410   2470    8  1.4706
  636   13346   2414    9  1.4711
  637   13349   2479    8  1.4707
  638   13407   2500    6  1.4709
  639   13341   2475    9  1.4717
  640   13316   2484    9  1.4709
  641   13403   2480    8  1.4719
  642   13500   2499    7  1.4721
  643   13365   2470    8  1.4731
  644   13373   2489    6  1.4739
  645   13453   2487    6  1.4721
  646   13459   2490   12  1.4721
  647   13388   2485    8  1.4727
  648   13366   2447    8  1.4725
  649   13426   2502    6  1.4731
  650   13374   2517    7  1.4739
  651   13381   2437    6  1.4739
  652   13414   2482    9  1.4739
  653   13390   2439   10  1.4736
  654   13338   2471   12  1.4734
  655   13323   2433    6  1.4735
  656   13387   2454    8  1.4735
  657   13353   2459    6  1.4726
  658   13421   2480    8  1.4730
  659   13340   2481    9  1.4728
  660   13336   2405    9  1.4731
  661   13400   2494    6  1.4744
  662   13433   2476    8  1.4725
  663   13371   2433    6  1.4741
  664   13475   2501    7  1.4737
  665   13413   2438    7  1.4729
  666   13404   2537    6  1.4733
  667   13436   2480    7  1.4711
  668   13425   2517    9  1.4711
  669   13392   2502    5  1.4727
  670   13337   2443    9  1.4714
  671   13445   2502    6  1.4722
  672   13388   2480    8  1.4714
  673   13354   2449    8  1.4720
  674   13393   2484    7  1.4707
  675   13303   2446    8  1.4716
  676   13399   2491    7  1.4700
  677   13324   2486    9  1.4710
  678   13415   2543    8  1.4704
  679   13399   2469    9  1.4711
  680   13386   2452    6  1.4715
  681   13420   2515    7  1.4711
  682   13363   2471    9  1.4724
  683   13439   2472   10  1.4713
  684   13423   2495    7  1.4704
  685   13431   2468    5  1.4709
  686   13410   2469    8  1.4709
  687   13394   2488    8  1.4715
  688   13442   2490    7  1.4709
  689   13395   2466    9  1.4714
  690   13421   2462    7  1.4703
  691   13360   2500    6  1.4706
  692   13405   2445    8  1.4723
  693   13453   2523    9  1.4706
  694   13437   2497    5  1.4725
  695   13431   2479    6  1.4711
  696   13414   2516    7  1.4719
  697   13395   2470    8  1.4714
  698   13417   2510    4  1.4721
  699   13402   2492    6  1.4721
  700   13334   2424    7  1.4725
  701   13392   2463    8  1.4730
  702   13363   2501    6  1.4727
  703   13437   2501   10  1.4728
  704   13476   2525    7  1.4738
  705   13379   2456    8  1.4745
  706   13410   2507    8  1.4725
  707   13372   2483    4  1.4729
  708   13353   2448    8  1.4720
  709   13406   2461    5  1.4710
  710   13348   2475    6  1.4724
  711   13436   2467    8  1.4728
  712   13390   2497    7  1.4731
  713   13392   2467    8  1.4678
  714   13398   2413    9  1.4696
  715   13359   2433    7  1.4712
  716   13404   2476    9  1.4713
  717   13398   2502    9  1.4697
  718   13395   2436    8  1.4702
  719   13437   2479    6  1.4700
  720   13348   2450   12  1.4703
  721   13411   2499    7  1.4704
  722   13411   2473    6  1.4697
  723   13438   2470    9  1.4700
  724   13382   2489    7  1.4692
  725   13409   2498    8  1.4684
  726   13359   2456    9  1.4694
  727   13449   2497    8  1.4689
  728   13373   2436    7  1.4677
  729   13356   2437   11  1.4686
  730   13424   2484    9  1.4686
  731   13400   2481    7  1.4671
  732   13424   2486    6  1.4683
  733   13337   2506    9  1.4681
  734   13394   2480    7  1.4677
  735   13361   2464    6  1.4692
  736   13415   2445   10  1.4683
  737   13402   2481    6  1.4689
  738   13392   2466    7  1.4684
  739   13367   2470    8  1.4682
  740   13336   2425    8  1.4688
  741   13425   2542    7  1.4689
  742   13412   2497    9  1.4690
  743   13386   2461    8  1.4689
  744   13344   2466    8  1.4688
  745   13441   2510    7  1.4679
  746   13473   2490    5  1.4688
  747   13419   2478   11  1.4691
  748   13364   2447    7  1.4696
  749   13394   2507    8  1.4698
  750   13397   2492   10  1.4681
  751   13374   2490    9  1.4679
  752   13465   2488    8  1.4656
  753   13379   2550    8  1.4677
  754   13380   2517    5  1.4676
  755   13398   2506    8  1.4674
  756   13357   2503    8  1.4676
  757   13399   2501    8  1.4677
  758   13373   2482   11  1.4670
  759   13371   2473   10  1.4666
  760   13392   2527    6  1.4667
  761   13401   2476    8  1.4685
  762   13438   2533    8  1.4669
  763   13409   2523    7  1.4680
  764   13401   2511   11  1.4668
  765   13368   2494    8  1.4683
  766   13460   2508    7  1.4695
  767   13441   2592    8  1.4682
  768   13436   2528    9  1.4679
  769   13359   2495   10  1.4679
  770   13378   2482    7  1.4676
  771   13371   2512    5  1.4686
  772   13398   2482    7  1.4681
  773   13406   2491   11  1.4683
  774   13334   2487    7  1.4672
  775   13385   2515    7  1.4669
  776   13420   2513    8  1.4666
  777   13420   2511    9  1.4650
  778   13407   2475   10  1.4659
  779   13399   2500    8  1.4655
  780   13395   2452    8  1.4641
  781   13370   2481    8  1.4659
  782   13426   2478   10  1.4653
  783   13366   2521    9  1.4643
  784   13412   2503   11  1.4655
  785   13392   2531    8  1.4652
  786   13342   2483    9  1.4650
  787   13344   2473    9  1.4655
  788   13384   2482    8  1.4631
  789   13366   2498    6  1.4656
  790   13404   2519    6  1.4649
  791   13447   2480    9  1.4637
  792   13415   2457   11  1.4651
  793   13418   2476    7  1.4633
  794   13374   2485    6  1.4643
  795   13380   2462   10  1.4644
  796   13464   2467    7  1.4643
  797   13397   2485    8  1.4651
  798   13412   2452    9  1.4635
  799   13295   2445    9  1.4637
  800   13342   2478    9  1.4648
  801   13397   2496    8  1.4648
  802   13342   2518    9  1.4654
  803   13373   2449    7  1.4641
  804   13357   2459   12  1.4653
  805   13416   2474   10  1.4650
  806   13374   2474   11  1.4664
  807   13387   2461    8  1.4665
  808   13384   2477    5  1.4658
  809   13407   2431   10  1.4665
  810   13398   2467    7  1.4670
  811   13298   2463    7  1.4660
  812   13402   2484    7  1.4674
  813   13359   2454   12  1.4676
  814   13362   2431    9  1.4666
  815   13382   2524    7  1.4690
  816   13417   2500    6  1.4667
  817   13363   2430    8  1.4673
  818   13359   2460    7  1.4684
  819   13368   2448    7  1.4672
  820   13407   2489    9  1.4677
  821   13348   2445    6  1.4695
  822   13439   2474    8  1.4684
  823   13423   2496    6  1.4685
  824   13429   2518    7  1.4681
  825   13372   2493   11  1.4666
  826   13419   2453   11  1.4681
  827   13382   2477   10  1.4669
  828   13317   2495    6  1.4664
  829   13397   2471    8  1.4662
  830   13330   2437   10  1.4662
  831   13325   2475    8  1.4655
  832   13329   2453    5  1.4648
  833   13403   2487   11  1.4640
  834   13411   2485    9  1.4621
  835   13387   2453    8  1.4624
  836   13438   2466    8  1.4634
  837   13397   2521    6  1.4614
  838   13382   2476    7  1.4627
  839   13393   2488    9  1.4632
  840   13338   2457    6  1.4630
  841   13439   2500    7  1.4629
  842   13383   2467    7  1.4624
  843   13431   2508    7  1.4621
  844   13349   2493   10  1.4639
  845   13359   2467    9  1.4618
  846   13432   2474    9  1.4626
  847   13373   2447    6  1.4631
  848   13390   2465    7  1.4616
  849   13435   2510    8  1.4637
  850   13340   2489    9  1.4627
  851   13401   2490    7  1.4620
  852   13393   2518   12  1.4636
  853   13382   2472    9  1.4616
  854   13394   2503    8  1.4629
  855   13297   2423    8  1.4633
  856   13399   2455    7  1.4624
  857   13407   2478    9  1.4611
  858   13372   2468    9  1.4630
  859   13413   2517    9  1.4639
  860   13314   2464    8  1.4656
  861   13340   2478    9  1.4641
  862   13410   2498    9  1.4653
  863   13442   2484    9  1.4665
  864   13311   2441   11  1.4661
  865   13347   2480    7  1.4660
  866   13454   2521    8  1.4679
  867   13369   2447    8  1.4667
  868   13359   2441   10  1.4674
  869   13340   2469   11  1.4665
  870   13413   2508    8  1.4661
  871   13393   2478    8  1.4671
  872   13384   2489    9  1.4680
  873   13358   2413    9  1.4668
  874   13426   2495    8  1.4670
  875   13425   2476   10  1.4677
  876   13366   2458    8  1.4659
  877   13407   2485    8  1.4669
  878   13318   2479    7  1.4670
  879   13399   2481    8  1.4678
  880   13396   2437   11  1.4680
  881   13424   2500    9  1.4679
  882   13402   2474    8  1.4672
  883   13433   2546    8  1.4673
  884   13443   2497    7  1.4666
  885   13399   2468   10  1.4649
  886   13367   2440    8  1.4646
  887   13398   2454   10  1.4654
  888   13417   2481   11  1.4671
  889   13406   2474    8  1.4641
  890   13374   2500    8  1.4650
  891   13354   2491   10  1.4645
  892   13360   2494    7  1.4644
  893   13389   2555    7  1.4650
  894   13328   2506    8  1.4649
  895   13423   2481    7  1.4637
  896   13414   2501    9  1.4638
  897   13384   2469    8  1.4633
  898   13361   2485   11  1.4638
  899   13380   2526    8  1.4656
  900   13416   2482   12  1.4647
  901   13425   2472   14  1.4630
  902   13392   2528    5  1.4641
  903   13382   2492    9  1.4640
  904   13425   2512    8  1.4635
  905   13400   2436   10  1.4635
  906   13351   2515    7  1.4653
  907   13366   2529    8  1.4642
  908   13351   2559   10  1.4629
  909   13344   2470   11  1.4627
  910   13419   2531    8  1.4631
  911   13366   2533    6  1.4634
  912   13393   2488    7  1.4646
  913   13412   2522    8  1.4634
  914   13404   2514    8  1.4618
  915   13354   2490    6  1.4628
  916   13429   2506    7  1.4626
  917   13429   2530   11  1.4601
  918   13371   2513    8  1.4620
  919   13398   2502    6  1.4606
  920   13420   2505    9  1.4613
  921   13370   2508   12  1.4618
  922   13376   2478   10  1.4634
  923   13399   2489   10  1.4603
  924   13349   2512    8  1.4601
  925   13389   2521    8  1.4612
  926   13403   2482   10  1.4608
  927   13416   2503    8  1.4608
  928   13428   2486    9  1.4609
  929   13396   2502    8  1.4609
  930   13427   2493    8  1.4616
  931   13365   2526    7  1.4615
  932   13392   2517    8  1.4619
  933   13373   2457    9  1.4633
  934   13432   2484    8  1.4599
  935   13395   2450    9  1.4609
  936   13439   2455    7  1.4600
  937   13406   2448    9  1.4603
  938   13400   2473    6  1.4583
  939   13417   2498    7  1.4583
  940   13406   2485    6  1.4591
  941   13364   2412   10  1.4597
  942   13375   2451    8  1.4596
  943   13372   2454    8  1.4608
  944   13439   2499    8  1.4600
  945   13382   2467   10  1.4600
  946   13372   2454   10  1.4599
  947   13358   2473   11  1.4602
  948   13316   2433   13  1.4608
  949   13390   2478    9  1.4602
  950   13386   2485    5  1.4593
  951   13355   2510    9  1.4613
  952   13403   2487   11  1.4602
  953   13327   2417   13  1.4608
  954   13401   2502    9  1.4616
  955   13357   2477   13  1.4618
  956   13384   2482    8  1.4621
  957   13401   2502    6  1.4616
  958   13425   2515    7  1.4626
  959   13365   2460   10  1.4611
  960   13435   2486    5  1.4619
  961   13377   2480    8  1.4619
  962   13430   2487    6  1.4621
  963   13363   2499    8  1.4601
  964   13374   2481    5  1.4607
  965   13365   2436    8  1.4607
  966   13318   2424    9  1.4606
  967   13339   2427    6  1.4606
  968   13345   2449   11  1.4594
  969   13352   2457    9  1.4614
  970   13341   2467   11  1.4596
  971   13359   2450    6  1.4605
  972   13371   2460    9  1.4593
  973   13346   2467   11  1.4593
  974   13419   2436    8  1.4604
  975   13326   2478    7  1.4608
  976   13350   2465    7  1.4602
  977   13347   2465    8  1.4597
  978   13347   2440    9  1.4607
  979   13380   2468    7  1.4615
  980   13394   2421    8  1.4589
  981   13410   2464    8  1.4591
  982   13394   2453    9  1.4608
  983   13365   2461    7  1.4591
  984   13383   2432    8  1.4601
  985   13325   2455    8  1.4600
  986   13415   2476    9  1.4596
  987   13367   2475    7  1.4601
  988   13335   2459    6  1.4595
  989   13172   2454    7  1.4600
  990   13361   2457    9  1.4610
  991   13339   2430   10  1.4596
  992   13315   2444    6  1.4600
  993   13410   2473    7  1.4596
  994   13416   2463   13  1.4608
  995   13341   2458    7  1.4601
  996   13382   2444    6  1.4601
  997   13405   2453   10  1.4607
  998   13417   2476    8  1.4617
  999   13385   2470    6  1.4612
 1000   13349   2478    8  1.4604
 1001   13370   2468    8  1.4620
 1002   13383   2429    8  1.4603
 1003   13366   2487    8  1.4600
 1004   13382   2449   10  1.4607
 1005   13338   2480   10  1.4592
 1006   13407   2480   10  1.4599
 1007   13320   2424   10  1.4601
 1008   13460   2500    6  1.4596
 1009   13386   2493    8  1.4601
 1010   13296   2468    7  1.4603
 1011   13369   2462    9  1.4601
 1012   13326   2476    8  1.4601
 1013   13359   2434    8  1.4605
 1014   13345   2446    9  1.4598
 1015   13353   2416   11  1.4594
 1016   13342   2457   12  1.4601
 1017   13334   2394    9  1.4599
 1018   13452   2487    8  1.4603
 1019   13355   2460    7  1.4596
 1020   13385   2445    7  1.4602
 1021   13303   2457    8  1.4594
 1022   13422   2489    9  1.4598
 1023   13365   2410    8  1.4588
 1024   13350   2475    9  1.4595
 1025   13376   2498    7  1.4608
 1026   13311   2395    8  1.4608
 1027   13338   2402   10  1.4600
 1028   13363   2495   10  1.4608
 1029   13346   2521    8  1.4625
 1030   13368   2497    9  1.4607
 1031   13418   2469    9  1.4601
 1032   13374   2472    7  1.4602
 1033   13308   2415    7  1.4596
 1034   13288   2437    8  1.4612
 1035   13329   2374    9  1.4594
 1036   13358   2449    9  1.4598
 1037   13376   2506    6  1.4603
 1038   13411   2424    8  1.4601
 1039   13412   2491    9  1.4592
 1040   13323   2458   10  1.4599
 1041   13333   2417    9  1.4596
 1042   13308   2440    5  1.4598
 1043   13340   2441    6  1.4597
 1044   13400   2477    9  1.4600
 1045   13361   2488    7  1.4587
 1046   13347   2409   10  1.4598
 1047   13316   2438   10  1.4586
 1048   13363   2499    9  1.4606
 1049   13337   2482    8  1.4587
 1050   13367   2452    9  1.4595
 1051   13390   2453   11  1.4587
 1052   13295   2400   10  1.4604
 1053   13389   2440   11  1.4605
 1054   13432   2532    6  1.4600
 1055   13338   2444    9  1.4611
 1056   13406   2469    7  1.4598
 1057   13381   2421    7  1.4591
 1058   13367   2422    8  1.4588
 1059   13324   2463   10  1.4602
 1060   13439   2461    8  1.4595
 1061   13395   2452   12  1.4609
 1062   13399   2450    8  1.4593
 1063   13413   2463   12  1.4588
 1064   13401   2525    8  1.4608
 1065   13411   2451    9  1.4591
 1066   13402   2467   11  1.4604
 1067   13381   2437    7  1.4605
 1068   13276   2432    9  1.4607
 1069   13326   2489    8  1.4599
 1070   13398   2488    6  1.4602
 1071   13371   2435    8  1.4600
 1072   13372   2449    9  1.4602
 1073   13348   2434    8  1.4593
 1074   13409   2465    6  1.4603
 1075   13330   2468    7  1.4596
 1076   13415   2473    9  1.4586
 1077   13408   2465    9  1.4594
 1078   13396   2468    8  1.4610
 1079   13352   2436    8  1.4600
 1080   13398   2455    9  1.4595
 1081   13357   2462    6  1.4593
 1082   13366   2437    9  1.4589
 1083   13367   2460    6  1.4598
 1084   13287   2399   13  1.4604
 1085   13375   2464    8  1.4593
 1086   13348   2467   12  1.4600
 1087   13310   2425    6  1.4594
 1088   13343   2446    7  1.4603
 1089   13375   2457   11  1.4593
 1090   13406   2512   10  1.4601
 1091   13374   2438   10  1.4601
 1092   13439   2451    8  1.4606
 1093   13361   2432    8  1.4599
 1094   13324   2425   10  1.4609
 1095   13340   2428   10  1.4597
 1096   13398   2518    8  1.4598
 1097   13448   2474    6  1.4591
 1098   13402   2453   11  1.4596
 1099   13404   2444   11  1.4603
 1100   13330   2439    7  1.4606
 1101   13387   2498    9  1.4602
 1102   13360   2475    7  1.4591
 1103   13377   2406   10  1.4593
 1104   13305   2438    9  1.4592
 1105   13323   2498    7  1.4611
 1106   13383   2462    9  1.4589
 1107   13376   2516    7  1.4590
 1108   13301   2434    9  1.4582
 1109   13324   2438    8  1.4590
 1110   13371   2480    8  1.4591
 1111   13372   2449    9  1.4605
 1112   13366   2449    9  1.4597
 1113   13390   2433    7  1.4604
 1114   13304   2423    8  1.4592
 1115   13346   2425    9  1.4591
 1116   13425   2470    6  1.4589
 1117   13449   2495    6  1.4609
 1118   13378   2525    5  1.4614
 1119   13372   2473    7  1.4606
 1120   13304   2450    7  1.4595
 1121   13405   2452    8  1.4596
 1122   13360   2430    9  1.4591
 1123   13403   2449    8  1.4593
 1124   13376   2455   11  1.4600
 1125   13388   2464    6  1.4598
 1126   13368   2451    9  1.4602
 1127   13391   2455   10  1.4596
 1128   13290   2429    8  1.4597
 1129   13361   2431   11  1.4605
 1130   13384   2484    8  1.4593
 1131   13329   2416    7  1.4598
 1132   13341   2439    9  1.4595
 1133   13296   2434   12  1.4600
 1134   13393   2517    7  1.4592
 1135   13424   2488    5  1.4592
 1136   13385   2473    6  1.4590
 1137   13358   2426   12  1.4587
 1138   13398   2446    8  1.4596
 1139   13394   2431   10  1.4611
 1140   13312   2381    7  1.4609
 1141   13380   2426    9  1.4602
 1142   13405   2442    7  1.4603
 1143   13348   2469    8  1.4595
 1144   13395   2477    9  1.4602
 1145   13288   2437    5  1.4587
 1146   13285   2458    9  1.4612
 1147   13357   2474    6  1.4599
 1148   13312   2518    7  1.4595
 1149   13380   2456    9  1.4610
 1150   13388   2487    8  1.4598
 1151   13297   2441   10  1.4593
 1152   13309   2438    6  1.4605
 1153   13411   2472    7  1.4601
 1154   13328   2469    8  1.4610
 1155   13380   2446   11  1.4597
 1156   13349   2431    8  1.4600
 1157   13427   2466    7  1.4609
 1158   13381   2456   10  1.4591
 1159   13363   2434   10  1.4602
 1160   13403   2454    7  1.4605
 1161   13323   2451    9  1.4595
 1162   13348   2470    9  1.4605
 1163   13362   2452    9  1.4606
 1164   13385   2439   10  1.4594
 1165   13367   2455    7  1.4593
 1166   13407   2428   11  1.4599
 1167   13405   2503    9  1.4597
 1168   13423   2467    8  1.4609
 1169   13346   2445    7  1.4597
 1170   13319   2444    9  1.4591
 1171   13438   2465   11  1.4599
 1172   13315   2424    9  1.4611
 1173   13319   2442    6  1.4603
 1174   13365   2439   11  1.4615
 1175   13293   2433    8  1.4598
 1176   13311   2474    8  1.4614
 1177   13346   2425    8  1.4598
 1178   13370   2469    9  1.4596
 1179   13307   2388    7  1.4602
 1180   13392   2455   10  1.4595
 1181   13430   2476    7  1.4598
 1182   13432   2450    7  1.4592
 1183   13372   2461    8  1.4620
 1184   13361   2492    7  1.4607
 1185   13337   2464    8  1.4587
 1186   13407   2470    8  1.4621
 1187   13345   2426    9  1.4599
 1188   13357   2476    9  1.4608
 1189   13374   2431   10  1.4589
 1190   13362   2437    9  1.4599
 1191   13387   2441   11  1.4596
 1192   13389   2449    9  1.4594
 1193   13337   2408   10  1.4602
 1194   13382   2486    8  1.4593
 1195   13387   2432    7  1.4600
 1196   13405   2456    8  1.4599
 1197   13369   2489    5  1.4601
 1198   13372   2432    9  1.4599
 1199   13307   2460    7  1.4582
 1200   13345   2536    9  1.4597
 1201   13362   2446    9  1.4593
 1202   13346   2500    9  1.4600
 1203   13367   2484    8  1.4597
 1204   13359   2419    9  1.4617
 1205   13352   2464    8  1.4603
 1206   13378   2436    9  1.4599
 1207   13291   2477    9  1.4596
 1208   13355   2453   10  1.4593
 1209   13312   2424    6  1.4598
 1210   13342   2449    7  1.4606
 1211   13383   2456    7  1.4606
 1212   13344   2413    9  1.4607
 1213   13350   2483    5  1.4605
 1214   13370   2479   10  1.4588
 1215   13362   2455    9  1.4605
 1216   13317   2467    9  1.4593
 1217   13368   2447    8  1.4607
 1218   13360   2489    7  1.4599
 1219   13377   2437    9  1.4595
 1220   13377   2449    7  1.4588
 1221   13371   2426    7  1.4605
 1222   13419   2438   10  1.4585
 1223   13357   2394    9  1.4592
 1224   13348   2413   10  1.4593
 1225   13419   2417   10  1.4600
 1226   13358   2453    7  1.4597
 1227   13417   2489    5  1.4594
 1228   13330   2451    8  1.4586
 1229   13330   2441    6  1.4602
 1230   13384   2434   12  1.4591
 1231   13405   2435    8  1.4602
 1232   13351   2448    6  1.4589
 1233   13316   2416    8  1.4591
 1234   13368   2461    9  1.4602
 1235   13370   2429    8  1.4601
 1236   13327   2445    9  1.4593
 1237   13262   2394    6  1.4589
 1238   13314   2469    6  1.4596
 1239   13325   2419    7  1.4596
 1240   13387   2457    8  1.4586
 1241   13329   2430    8  1.4593
 1242   13356   2404    8  1.4595
 1243   13358   2473    7  1.4600
 1244   13398   2457    8  1.4613
 1245   13348   2451    9  1.4591
 1246   13336   2434    8  1.4596
 1247   13356   2431    9  1.4597
 1248   13331   2450   12  1.4598
 1249   13337   2415    9  1.4597
 1250   13342   2461   12  1.4590
 1251   13365   2432   11  1.4595
 1252   13439   2489    5  1.4607
 1253   13386   2438   10  1.4596
 1254   13279   2418    8  1.4594
 1255   13408   2436    7  1.4592
 1256   13357   2438   11  1.4593
 1257   13360   2448    9  1.4608
 1258   13365   2460    9  1.4585
 1259   13308   2441    9  1.4596
 1260   13335   2468    7  1.4591
 1261   13371   2433    7  1.4606
 1262   13340   2444    9  1.4590
 1263   13350   2380   10  1.4606
 1264   13316   2420    8  1.4594
 1265   13367   2471    5  1.4599
 1266   13360   2459    9  1.4591
 1267   13266   2437    9  1.4590
 1268   13360   2469   10  1.4588
 1269   13350   2436   11  1.4603
 1270   13322   2441    8  1.4600
 1271   13335   2432    7  1.4597
 1272   13390   2438   11  1.4593
 1273   13385   2426   10  1.4598
 1274   13349   2449    6  1.4598
 1275   13397   2437    7  1.4600
 1276   13411   2422   10  1.4612
 1277   13340   2417   11  1.4603
 1278   13368   2488    7  1.4599
 1279   13361   2473    6  1.4593
 1280   13382   2477    9  1.4598
 1281   13385   2421    9  1.4598
 1282   13369   2457    9  1.4594
 1283   13344   2392    8  1.4600
 1284   13304   2443   10  1.4596
 1285   13346   2449    8  1.4605
 1286   13386   2462   10  1.4591
 1287   13363   2449    8  1.4594
 1288   13435   2512    7  1.4607
 1289   13343   2455   11  1.4600
 1290   13384   2470    6  1.4596
 1291   13298   2450    9  1.4602
 1292   13304   2450   10  1.4604
 1293   13362   2473    9  1.4592
 1294   13366   2484   10  1.4604
 1295   13361   2442    8  1.4610
 1296   13395   2464   11  1.4607
 1297   13363   2474    8  1.4612
 1298   13363   2484    9  1.4600
 1299   13402   2471   11  1.4604
 1300   13401   2392   10  1.4592
 1301   13350   2444    7  1.4600
 1302   13353   2435    7  1.4593
 1303   13332   2433    9  1.4612
 1304   13313   2448   10  1.4602
 1305   13381   2490    7  1.4610
 1306   13392   2411    9  1.4613
 1307   13328   2439    9  1.4610
 1308   13358   2463    8  1.4592
 1309   13343   2388   10  1.4589
 1310   13408   2442    6  1.4601
 1311   13371   2437   10  1.4597
 1312   13379   2398    9  1.4588
 1313   13318   2430   10  1.4605
 1314   13400   2411    8  1.4599
 1315   13375   2476    8  1.4594
 1316   13337   2448    6  1.4604
 1317   13340   2441    8  1.4603
 1318   13331   2445    8  1.4595
 1319   13390   2437    8  1.4598
 1320   13335   2449    9  1.4592
 1321   13339   2397    8  1.4602
 1322   13354   2456    8  1.4596
 1323   13357   2450    9  1.4602
 1324   13376   2447    9  1.4602
 1325   13345   2454    7  1.4607
 1326   13341   2423    9  1.4601
 1327   13316   2470    9  1.4591
 1328   13362   2452   10  1.4602
 1329   13360   2440    8  1.4595
 1330   13364   2434    8  1.4584
 1331   13300   2428    6  1.4584
 1332   13366   2395   10  1.4598
 1333   13354   2451    7  1.4590
 1334   13333   2446    6  1.4602
 1335   13394   2433    7  1.4604
 1336   13359   2410    7  1.4595
 1337   13310   2389   11  1.4584
 1338   13377   2421    7  1.4600
 1339   13376   2392   13  1.4592
 1340   13275   2438    9  1.4619
 1341   13368   2428    9  1.4598
 1342   13331   2428    7  1.4593
 1343   13426   2452    9  1.4582
 1344   13356   2467    7  1.4600
 1345   13362   2448    8  1.4605
 1346   13352   2476    9  1.4602
 1347   13331   2396    9  1.4597
 1348   13341   2424    9  1.4603
 1349   13345   2445   12  1.4603
 1350   13331   2440    9  1.4611
 1351   13339   2429   10  1.4612
 1352   13386   2433    9  1.4593
 1353   13353   2469    8  1.4598
 1354   13351   2462    8  1.4588
 1355   13366   2471    8  1.4609
 1356   13395   2407    8  1.4594
 1357   13349   2439    7  1.4588
 1358   13341   2389   10  1.4589
 1359   13386   2440    7  1.4599
 1360   13368   2478    7  1.4595
 1361   13329   2433   10  1.4586
 1362   13399   2447    9  1.4591
 1363   13409   2440    6  1.4593
 1364   13430   2441   11  1.4604
 1365   13327   2465    9  1.4612
 1366   13343   2425    8  1.4589
 1367   13306   2427    8  1.4600
 1368   13320   2401    8  1.4598
 1369   13366   2465    9  1.4597
 1370   13345   2430   11  1.4597
 1371   13313   2435    8  1.4585
 1372   13368   2457   10  1.4626
 1373   13361   2355   10  1.4594
 1374   13339   2396    9  1.4606
 1375   13329   2458    6  1.4588
 1376   13368   2445    6  1.4607
 1377   13406   2444    8  1.4588
 1378   13356   2424    9  1.4593
 1379   13370   2426    8  1.4599
 1380   13370   2397   11  1.4608
 1381   13401   2453    9  1.4606
 1382   13332   2463    9  1.4595
 1383   13347   2437    9  1.4593
 1384   13316   2392    7  1.4614
 1385   13331   2428    7  1.4604
 1386   13331   2425    8  1.4600
 1387   13388   2417    9  1.4589
 1388   13364   2496    6  1.4608
 1389   13335   2460    8  1.4584
 1390   13294   2452   11  1.4600
 1391   13278   2471    7  1.4614
 1392   13354   2451   11  1.4588
 1393   13345   2451    8  1.4586
 1394   13412   2418    9  1.4589
 1395   13337   2433   10  1.4604
 1396   13385   2441    9  1.4588
 1397   13329   2434   11  1.4607
 1398   13391   2431    6  1.4610
 1399   13312   2429    7  1.4609
 1400   13330   2442   10  1.4606
 1401   13345   2429   10  1.4606
 1402   13422   2428    9  1.4608
 1403   13355   2465    6  1.4605
 1404   13331   2404    9  1.4598
 1405   13351   2394    7  1.4619
 1406   13306   2396    8  1.4607
 1407   13293   2417    7  1.4611
 1408   13387   2464    6  1.4607
 1409   13334   2417    7  1.4595
 1410   13377   2405    9  1.4606
 1411   13349   2469    7  1.4606
 1412   13333   2459    9  1.4597
 1413   13360   2421   12  1.4600
 1414   13312   2407    9  1.4611
 1415   13381   2408    7  1.4603
 1416   13294   2449    9  1.4600
 1417   13433   2456    7  1.4622
 1418   13355   2415    9  1.4605
 1419   13385   2406   10  1.4592
 1420   13363   2434   10  1.4610
 1421   13386   2468    6  1.4594
 1422   13332   2383    8  1.4606
 1423   13319   2401    9  1.4599
 1424   13373   2420   11  1.4622
 1425   13328   2406    8  1.4619
 1426   13263   2436    6  1.4618
 1427   13297   2433    8  1.4600
 1428   13335   2463   10  1.4609
 1429   13431   2493    9  1.4609
 1430   13272   2407   11  1.4605
 1431   13378   2409    6  1.4613
 1432   13278   2431    8  1.4591
 1433   13400   2421    9  1.4606
 1434   13347   2431    9  1.4595
 1435   13346   2460    7  1.4608
 1436   13337   2425   11  1.4597
 1437   13438   2471    7  1.4603
 1438   13385   2451   12  1.4631
 1439   13327   2423    9  1.4603
 1440   13381   2430   13  1.4604
 1441   13363   2482   12  1.4606
 1442   13341   2450    8  1.4623
 1443   13369   2407    9  1.4605
 1444   13392   2432   10  1.4614
 1445   13335   2378   13  1.4613
 1446   13370   2390   10  1.4609
 1447   13399   2398    8  1.4604
 1448   13369   2389   10  1.4614
 1449   13339   2445    7  1.4608
 1450   13372   2435    7  1.4602
 1451   13371   2417    9  1.4624
 1452   13358   2410    9  1.4607
 1453   13306   2406    7  1.4621
 1454   13344   2451   10  1.4609
 1455   13321   2433   10  1.4617
 1456   13445   2457    9  1.4605
 1457   13314   2419    8  1.4608
 1458   13360   2448    8  1.4617
 1459   13388   2443   10  1.4610
 1460   13355   2430    7  1.4616
 1461   13320   2476    8  1.4601
 1462   13315   2465    6  1.4603
 1463   13351   2429    6  1.4597
 1464   13375   2454    9  1.4612
 1465   13449   2442   10  1.4619
 1466   13394   2451    7  1.4615
 1467   13396   2457    9  1.4606
 1468   13299   2375   10  1.4618
 1469   13280   2426   10  1.4607
 1470   13419   2438    7  1.4603
 1471   13302   2452   10  1.4604
 1472   13334   2456    9  1.4609
 1473   13350   2464    7  1.4623
 1474   13353   2433    7  1.4619
 1475   13334   2450    6  1.4610
 1476   13348   2439   10  1.4596
 1477   13384   2446   14  1.4600
 1478   13342   2459    8  1.4613
 1479   13307   2476    8  1.4614
 1480   13323   2442   10  1.4606
 1481   13352   2437    9  1.4612
 1482   13403   2477    8  1.4603
 1483   13366   2431    7  1.4607
 1484   13370   2462    9  1.4608
 1485   13374   2469    8  1.4622
 1486   13383   2414    8  1.4613
 1487   13349   2447    9  1.4609
 1488   13372   2454   10  1.4610
 1489   13306   2443    7  1.4619
 1490   13304   2409   10  1.4611
 1491   13360   2452    7  1.4615
 1492   13392   2505   10  1.4618
 1493   13325   2423    8  1.4605
 1494   13347   2441    7  1.4612
 1495   13371   2474    9  1.4605
 1496   13411   2437   11  1.4605
 1497   13353   2448    8  1.4601
 1498   13406   2463    7  1.4607
 1499   13308   2441    9  1.4604
 1500   13334   2463    9  1.4624
 1501   13350   2401    8  1.4620
 1502   13427   2450    7  1.4611
 1503   13355   2409    8  1.4594
 1504   13374   2407    9  1.4602
 1505   13331   2456    7  1.4606
 1506   13379   2412    8  1.4623
 1507   13386   2419    9  1.4604
 1508   13366   2435    9  1.4602
 1509   13388   2453    9  1.4616
 1510   13351   2465    9  1.4609
 1511   13345   2393    7  1.4602
 1512   13365   2429    7  1.4598
 1513   13316   2432    8  1.4610
 1514   13333   2470    7  1.4618
 1515   13366   2451    6  1.4627
 1516   13344   2441    8  1.4618
 1517   13374   2448    6  1.4623
 1518   13384   2428    8  1.4607
 1519   13329   2420   11  1.4628
 1520   13379   2503    6  1.4625
 1521   13339   2401    8  1.4616
 1522   13401   2425    5  1.4625
 1523   13362   2440    9  1.4614
 1524   13436   2440   10  1.4607
 1525   13343   2458    9  1.4616
 1526   13331   2423   10  1.4624
 1527   13354   2419    9  1.4626
 1528   13384   2452    6  1.4621
 1529   13370   2467   10  1.4622
 1530   13317   2436    7  1.4626
 1531   13347   2439    9  1.4630
 1532   13371   2414    9  1.4641
 1533   13349   2467    8  1.4646
 1534   13368   2467    9  1.4650
 1535   13356   2477    8  1.4646
 1536   13415   2424   10  1.4634
 1537   13340   2415    7  1.4647
 1538   13393   2481    6  1.4652
 1539   13382   2439    8  1.4650
 1540   13280   2410   10  1.4637
 1541   13393   2435    9  1.4636
 1542   13360   2435   10  1.4646
 1543   13348   2456    9  1.4633
 1544   13271   2443    8  1.4633
 1545   13378   2518    7  1.4627
 1546   13302   2436    9  1.4630
 1547   13363   2429    8  1.4631
 1548   13312   2459    8  1.4627
 1549   13364   2422    7  1.4623
 1550   13288   2406    8  1.4635
 1551   13346   2482    9  1.4629
 1552   13369   2505    8  1.4628
 1553   13344   2472    8  1.4630
 1554   13380   2462    9  1.4629
 1555   13365   2467    8  1.4625
 1556   13381   2423    7  1.4618
 1557   13375   2443    7  1.4628
 1558   13342   2477    9  1.4625
 1559   13407   2473    8  1.4625
 1560   13352   2416    9  1.4626
 1561   13389   2430    8  1.4623
 1562   13375   2456    8  1.4631
 1563   13339   2437    7  1.4623
 1564   13299   2428    9  1.4631
 1565   13428   2432    9  1.4630
 1566   13433   2478    9  1.4627
 1567   13322   2402    8  1.4638
 1568   13356   2427    9  1.4624
 1569   13386   2409   10  1.4626
 1570   13382   2443    9  1.4629
 1571   13304   2441    9  1.4637
 1572   13364   2479    9  1.4635
 1573   13361   2501    7  1.4631
 1574   13352   2482    6  1.4637
 1575   13343   2451    5  1.4635
 1576   13339   2466    9  1.4628
 1577   13359   2509    7  1.4639
 1578   13349   2438   10  1.4626
 1579   13294   2445    8  1.4628
 1580   13307   2473   11  1.4626
 1581   13349   2424   10  1.4627
 1582   13374   2432    8  1.4629
 1583   13365   2441    8  1.4633
 1584   13352   2392    8  1.4623
 1585   13334   2443    9  1.4612
 1586   13412   2488    7  1.4620
 1587   13365   2474   12  1.4611
 1588   13390   2441    7  1.4617
 1589   13360   2433    9  1.4612
 1590   13365   2419    9  1.4599
 1591   13348   2474    5  1.4573
 1592   13385   2480    7  1.4591
 1593   13353   2471    9  1.4569
 1594   13346   2474    7  1.4561
 1595   13367   2514    9  1.4556
 1596   13427   2528    9  1.4538
 1597   13364   2511    8  1.4537
 1598   13381   2503    9  1.4549
 1599   13348   2478    9  1.4552
 1600   13373   2490    7  1.4555
 1601   13357   2515    7  1.4537
 1602   13388   2496    5  1.4549
 1603   13327   2505    9  1.4537
 1604   13390   2509    7  1.4537
 1605   13340   2468    6  1.4542
 1606   13391   2467    8  1.4543
 1607   13369   2464   11  1.4537
 1608   13344   2471    7  1.4546
 1609   13340   2470    6  1.4556
 1610   13335   2407    7  1.4585
 1611   13348   2451    8  1.4578
 1612   13379   2458    9  1.4612
 1613   13340   2464    6  1.4612
 1614   13375   2452    7  1.4620
 1615   13339   2449    9  1.4615
 1616   13406   2485    6  1.4617
 1617   13369   2507    7  1.4612
 1618   13331   2452    7  1.4624
 1619   13361   2454   10  1.4619
 1620   13384   2451   11  1.4639
 1621   13396   2448    7  1.4635
 1622   13375   2485    6  1.4620
 1623   13322   2478   10  1.4635
 1624   13417   2488    8  1.4637
 1625   13349   2439    8  1.4620
 1626   13355   2438   10  1.4626
 1627   13369   2483    9  1.4632
 1628   13407   2479    7  1.4634
 1629   13398   2472   10  1.4636
 1630   13416   2467    8  1.4657
 1631   13380   2452    9  1.4654
 1632   13336   2434    9  1.4632
 1633   13367   2448    9  1.4635
 1634   13328   2427    7  1.4638
 1635   13351   2438    6  1.4637
 1636   13387   2487    6  1.4630
 1637   13413   2437   10  1.4634
 1638   13397   2465    6  1.4645
 1639   13389   2505    7  1.4624
 1640   13456   2538   10  1.4615
 1641   13362   2462    6  1.4600
 1642   13433   2517    6  1.4586
 1643   13305   2477    6  1.4593
 1644   13392   2468    7  1.4601
 1645   13411   2485   10  1.4583
 1646   13370   2446    7  1.4599
 1647   13346   2480    5  1.4613
 1648   13346   2471   10  1.4600
 1649   13349   2449    6  1.4615
 1650   13395   2487    8  1.4623
 1651   13356   2459    6  1.4622
 1652   13362   2428    8  1.4625
 1653   13339   2485    9  1.4626
 1654   13375   2510    7  1.4636
 1655   13318   2449    5  1.4615
 1656   13433   2472    6  1.4643
 1657   13430   2515    8  1.4634
 1658   13417   2529    8  1.4635
 1659   13395   2430    8  1.4635
 1660   13370   2491    9  1.4620
 1661   13390   2511    7  1.4637
 1662   13374   2503    9  1.4624
 1663   13403   2487    7  1.4624
 1664   13394   2468    6  1.4626
 1665   13380   2489    8  1.4604
 1666   13417   2491    7  1.4617
 1667   13368   2449    6  1.4630
 1668   13328   2418    9  1.4616
 1669   13374   2500    7  1.4615
 1670   13367   2500    6  1.4628
 1671   13365   2469    8  1.4610
 1672   13299   2457    8  1.4621
 1673   13357   2490    9  1.4619
 1674   13372   2430    7  1.4614
 1675   13414   2457    8  1.4630
 1676   13358   2460    6  1.4616
 1677   13360   2479    7  1.4612
 1678   13426   2451    9  1.4608
 1679   13337   2464    7  1.4614
 1680   13390   2481   10  1.4623
 1681   13352   2475    5  1.4641
 1682   13447   2560    7  1.4630
 1683   13390   2441   11  1.4633
 1684   13381   2471    7  1.4631
 1685   13395   2513    8  1.4640
 1686   13403   2460    9  1.4631
 1687   13407   2524    7  1.4637
 1688   13374   2482    7  1.4649
 1689   13428   2430    7  1.4647
 1690   13371   2450   10  1.4650
 1691   13369   2474    9  1.4650
 1692   13393   2475    8  1.4658
 1693   13445   2440   10  1.4659
 1694   13371   2512    8  1.4655
 1695   13345   2434    9  1.4661
 1696   13389   2475    8  1.4663
 1697   13360   2478    6  1.4668
 1698   13387   2424   12  1.4660
 1699   13376   2446    9  1.4656
 1700   13398   2474    6  1.4662
 1701   13404   2501   10  1.4673
 1702   13337   2485    8  1.4669
 1703   13384   2445   10  1.4669
 1704   13371   2445    8  1.4661
 1705   13368   2507    8  1.4652
 1706   13315   2464    7  1.4669
 1707   13401   2474   10  1.4658
 1708   13454   2436    8  1.4656
 1709   13395   2451    6  1.4688
 1710   13411   2437    9  1.4672
 1711   13315   2408    9  1.4680
 1712   13386   2446   12  1.4679
 1713   13410   2416    7  1.4670
 1714   13388   2484   11  1.4688
 1715   13374   2487    5  1.4696
 1716   13359   2435    8  1.4686
 1717   13423   2513    6  1.4686
 1718   13343   2502    8  1.4684
 1719   13389   2471    9  1.4687
 1720   13403   2483   10  1.4687
 1721   13431   2462    9  1.4668
 1722   13429   2482    8  1.4703
 1723   13349   2459   10  1.4685
 1724   13445   2507    9  1.4701
 1725   13347   2427   10  1.4683
 1726   13368   2442   10  1.4696
 1727   13358   2418   10  1.4683
 1728   13402   2471    8  1.4677
 1729   13410   2472    8  1.4678
 1730   13407   2465    5  1.4677
 1731   13463   2436   10  1.4682
 1732   13390   2469    7  1.4670
 1733   13362   2452    6  1.4680
 1734   13374   2474    7  1.4677
 1735   13389   2480    7  1.4677
 1736   13370   2440    8  1.4685
 1737   13383   2524    6  1.4674
 1738   13367   2461   10  1.4682
 1739   13307   2484    6  1.4672
 1740   13363   2460   10  1.4678
 1741   13372   2471    7  1.4681
 1742   13397   2478    8  1.4684
 1743   13380   2473    7  1.6052
 1744   13375   2484    7  1.4678
 1745   13409   2481    8  1.4681
 1746   13380   2465    9  1.4682
 1747   13401   2461    5  1.4687
 1748   13435   2515    8  1.4694
 1749   13416   2503    7  1.4685
 1750   13448   2475    7  1.4692
 1751   13344   2472    5  1.4692
 1752   13392   2503    7  1.4694
 1753   13375   2428   10  1.4692
 1754   13361   2436    7  1.4687
 1755   13398   2438    8  1.4693
 1756   13358   2481    7  1.4687
 1757   13374   2459    9  1.4686
 1758   13371   2435    9  1.4687
 1759   13426   2492    5  1.4685
 1760   13381   2447    9  1.4696
 1761   13379   2426    7  1.4704
 1762   13285   2478    5  1.4695
 1763   13418   2482   11  1.4700
 1764   13373   2472    9  1.4684
 1765   13391   2497   10  1.4681
 1766   13360   2432   10  1.4675
 1767   13340   2468    6  1.4672
 1768   13357   2464    7  1.4678
 1769   13374   2472   11  1.4669
 1770   13369   2470    6  1.4680
 1771   13354   2438    6  1.4665
 1772   13410   2493    7  1.4671
 1773   13356   2410    8  1.4661
 1774   13311   2433    8  1.4668
 1775   13379   2477    6  1.4666
 1776   13365   2473    6  1.4666
 1777   13381   2461   10  1.4665
 1778   13287   2456    5  1.4669
 1779   13344   2451   10  1.4687
 1780   13352   2469    6  1.4676
 1781   13400   2512    6  1.4681
 1782   13355   2475    8  1.4671
 1783   13400   2487    8  1.4675
 1784   13377   2490    9  1.4673
 1785   13444   2507    8  1.4673
 1786   13400   2484   10  1.4684
 1787   13406   2468    5  1.4673
 1788   13407   2470    8  1.4681
 1789   13363   2490    7  1.4691
 1790   13366   2479    6  1.4693
 1791   13381   2443    9  1.4694
 1792   13435   2493    6  1.4679
 1793   13375   2493    8  1.4687
 1794   13396   2491    8  1.4686
 1795   13394   2477    6  1.4687
 1796   13422   2468    7  1.4690
 1797   13420   2534    7  1.4681
 1798   13403   2508    6  1.4688
 1799   13362   2532    9  1.4697
 1800   13353   2498    7  1.4692
 1801   13360   2483    6  1.4690
 1802   13387   2446    9  1.4687
 1803   13350   2468    8  1.4691
 1804   13395   2468   10  1.4688
 1805   13389   2467    9  1.4695
 1806   13362   2441    9  1.4687
 1807   13355   2482    7  1.4698
 1808   13396   2495    6  1.4693
 1809   13358   2488    8  1.4693
 1810   13453   2489    7  1.4706
 1811   13397   2403    8  1.4691
 1812   13421   2476    7  1.4679
 1813   13314   2454    6  1.4684
 1814   13414   2505    8  1.4668
 1815   13331   2442    9  1.4691
 1816   13357   2442   11  1.4690
 1817   13420   2453    8  1.4683
 1818   13411   2472    9  1.4693
 1819   13382   2459   11  1.4683
 1820   13355   2463   11  1.4681
 1821   13363   2483    7  1.4686
 1822   13437   2520    6  1.4674
 1823   13368   2472    7  1.4683
 1824   13328   2446    6  1.4672
 1825   13431   2509    9  1.4693
 1826   13399   2488    9  1.4683
 1827   13422   2473    8  1.4682
 1828   13378   2463    6  1.4679
 1829   13396   2502    9  1.4698
 1830   13407   2511    8  1.4705
 1831   13450   2486    6  1.4708
 1832   13351   2476    6  1.4705
 1833   13416   2479    6  1.4703
 1834   13392   2430   11  1.4704
 1835   13433   2483    7  1.4703
 1836   13372   2449    7  1.4707
 1837   13380   2486    6  1.4697
 1838   13312   2484    8  1.4696
 1839   13310   2516    8  1.4703
 1840   13408   2450    9  1.4701
 1841   13359   2462    9  1.4684
 1842   13372   2454    8  1.4704
 1843   13419   2510    8  1.4707
 1844   13414   2507    6  1.4708
 1845   13379   2428    9  1.4709
 1846   13401   2437   11  1.4704
 1847   13350   2487    4  1.4713
 1848   13479   2536    6  1.4705
 1849   13311   2491    6  1.4698
 1850   13400   2571    9  1.4711
 1851   13332   2461    7  1.4687
 1852   13389   2484    9  1.4699
 1853   13442   2489    6  1.4687
 1854   13362   2474    9  1.4694
 1855   13371   2461    7  1.4690
 1856   13388   2497    7  1.4683
 1857   13354   2435    9  1.4686
 1858   13363   2434    6  1.4673
 1859   13328   2480    8  1.4686
 1860   13366   2476    6  1.4678
 1861   13433   2511    7  1.4673
 1862   13397   2495    6  1.4681
 1863   13415   2506    6  1.4678
 1864   13349   2441    9  1.4684
 1865   13418   2456   10  1.4688
 1866   13402   2490   11  1.4677
 1867   13344   2478    7  1.4676
 1868   13353   2457   10  1.4678
 1869   13344   2422    7  1.4682
 1870   13440   2488    6  1.4673
 1871   13344   2418    8  1.4688
 1872   13361   2428    9  1.4667
 1873   13427   2464    7  1.4679
 1874   13446   2511    7  1.4682
 1875   13346   2513    6  1.4691
 1876   13346   2415   12  1.4689
 1877   13347   2480    7  1.4696
 1878   13374   2468   10  1.4704
 1879   13343   2511    8  1.4708
 1880   13369   2473    7  1.4708
 1881   13366   2462    6  1.4706
 1882   13375   2459    6  1.4714
 1883   13388   2461    9  1.4698
 1884   13355   2458    6  1.4709
 1885   13390   2461    7  1.4713
 1886   13377   2486    5  1.4706
 1887   13426   2484    7  1.4706
 1888   13374   2451    9  1.4716
 1889   13363   2450    7  1.4709
 1890   13379   2461    7  1.4717
 1891   13335   2436    6  1.4707
 1892   13404   2461    6  1.4709
 1893   13343   2437    9  1.4700
 1894   13389   2492    9  1.4700
 1895   13363   2474    6  1.4719
 1896   13439   2437    9  1.4722
 1897   13367   2492    9  1.4710
 1898   13320   2456    8  1.4699
 1899   13439   2522    9  1.4705
 1900   13471   2479    7  1.4710
 1901   13431   2493    7  1.4705
 1902   13457   2502    9  1.4701
 1903   13402   2488    6  1.4711
 1904   13371   2464   11  1.4711
 1905   13419   2492   11  1.4708
 1906   13369   2471    5  1.4695
 1907   13365   2464    6  1.4697
 1908   13447   2488    9  1.4723
 1909   13424   2505    7  1.4709
 1910   13420   2525    8  1.4715
 1911   13438   2479    8  1.4695
 1912   13386   2460    8  1.4708
 1913   13407   2459    9  1.4699
 1914   13408   2476    7  1.4724
 1915   13379   2497    7  1.4736
 1916   13336   2421    7  1.4746
 1917   13420   2472    9  1.4730
 1918   13428   2499    8  1.4740
 1919   13370   2508    7  1.4733
 1920   13391   2468    7  1.4741
 1921   13389   2427   11  1.4726
 1922   13390   2479    9  1.4717
 1923   13342   2474    9  1.4731
 1924   13415   2460   11  1.4726
 1925   13388   2485    9  1.4731
 1926   13324   2510    7  1.4737
 1927   13416   2530    5  1.4745
 1928   13436   2492    7  1.4745
 1929   13468   2540    8  1.4741
 1930   13321   2466    8  1.4733
 1931   13429   2529    7  1.4728
 1932   13439   2517    6  1.4734
 1933   13417   2472    8  1.4720
 1934   13403   2460    7  1.4738
 1935   13313   2500    8  1.4736
 1936   13395   2504    6  1.4731
 1937   13392   2490    7  1.4735
 1938   13439   2503    6  1.4734
 1939   13417   2478   11  1.4731
 1940   13440   2505    7  1.4728
 1941   13444   2508    6  1.4729
 1942   13414   2471    8  1.4726
 1943   13451   2512    9  1.4720
 1944   13359   2478    9  1.4733
 1945   13409   2480   10  1.4742
 1946   13459   2527    5  1.4738
 1947   13434   2493   10  1.4721
 1948   13425   2476    8  1.4766
 1949   13454   2518    7  1.4745
 1950   13395   2488    7  1.4733
 1951   13466   2539    7  1.4734
 1952   13440   2475    9  1.4741
 1953   13502   2517    8  1.4745
 1954   13403   2494    8  1.4746
 1955   13409   2470    9  1.4730
 1956   13410   2540    8  1.4725
 1957   13348   2536   10  1.4740
 1958   13360   2502   12  1.4747
 1959   13441   2481   10  1.4728
 1960   13401   2484   10  1.4738
 1961   13421   2468    7  1.4731
 1962   13402   2483    8  1.4738
 1963   13450   2556    6  1.4728
 1964   13437   2502   12  1.4739
 1965   13456   2570    8  1.4735
 1966   13446   2495    7  1.4741
 1967   13373   2494    9  1.4730
 1968   13400   2478    9  1.4742
 1969   13425   2477    9  1.4745
 1970   13380   2459    6  1.4742
 1971   13458   2486    7  1.4736
 1972   13393   2478   10  1.4741
 1973   13374   2473    8  1.4739
 1974   13323   2429    8  1.4744
 1975   13420   2490    9  1.4746
 1976   13391   2472    6  1.4745
 1977   13373   2544    8  1.4726
 1978   13370   2477    5  1.4730
 1979   13389   2505    8  1.4735
 1980   13416   2478    7  1.4750
 1981   13424   2511    7  1.4727
 1982   13378   2483    6  1.4727
 1983   13426   2524    9  1.4736
 1984   13348   2493    9  1.4731
 1985   13446   2513   10  1.4735
 1986   13359   2493    8  1.4725
 1987   13421   2460   10  1.4722
 1988   13342   2452    8  1.4721
 1989   13392   2479    6  1.4716
 1990   13386   2475    9  1.4719
 1991   13443   2474    8  1.4701
 1992   13363   2497    7  1.4720
 1993   13354   2475    9  1.4726
 1994   13392   2486    8  1.4718
 1995   13431   2422    6  1.4720
 1996   13432   2471    7  1.4712
 1997   13434   2436    8  1.4723
 1998   13421   2462    8  1.4738
 1999   13432   2500    9  1.4714
 2000   13350   2502    6  1.4727
 2001   13414   2451    9  1.4726
 2002   13328   2438    9  1.4739
 2003   13417   2448    7  1.4713
 2004   13389   2514   10  1.4720
 2005   13362   2509    6  1.4709
 2006   13389   2466    7  1.4721
 2007   13377   2495    7  1.4731
 2008   13421   2523    6  1.4725
 2009   13372   2447    9  1.4725
 2010   13388   2499    8  1.4724
 2011   13330   2456    8  1.4706
 2012   13383   2534    9  1.4716
 2013   13421   2513    6  1.4719
 2014   13405   2469   10  1.4727
 2015   13390   2478   10  1.4688
 2016   13415   2460    7  1.4717
 2017   13405   2470   10  1.4730
 2018   13433   2528    8  1.4724
 2019   13382   2513    7  1.4718
 2020   13375   2491    8  1.4719
 2021   13447   2466    8  1.4703
 2022   13379   2508    6  1.4699
 2023   13422   2474    8  1.4717
 2024   13352   2476    6  1.4716
 2025   13447   2456    8  1.4714
 2026   13394   2447    8  1.4734
 2027   13370   2481    9  1.4725
 2028   13373   2491    9  1.4715
 2029   13437   2477    7  1.4735
 2030   13334   2475    6  1.4710
 2031   13422   2511    6  1.4716
 2032   13294   2434    6  1.4724
 2033   13435   2493    6  1.4722
 2034   13396   2470    8  1.4717
 2035   13334   2466    9  1.4715
 2036   13328   2441    7  1.4694
 2037   13327   2434    5  1.4688
 2038   13326   2488    7  1.4701
 2039   13299   2435    6  1.4694
 2040   13432   2464    7  1.4686
 2041   13348   2481   10  1.4699
 2042   13433   2497    9  1.4713
 2043   13369   2517    9  1.4703
 2044   13349   2478    8  1.4689
 2045   13377   2490    5  1.4697
 2046   13348   2506    8  1.4695
 2047   13365   2505    7  1.4696
 2048   13376   2509    7  1.4688
 2049   13355   2465   11  1.4697
 2050   13458   2444   11  1.4696
 2051   13403   2482    7  1.4697
 2052   13442   2511    9  1.4712
 2053   13411   2487    6  1.4708
 2054   13306   2462    6  1.4693
 2055   13343   2492    9  1.4685
 2056   13349   2434    7  1.4689
 2057   13381   2439    9  1.4688
 2058   13397   2479    8  1.4676
 2059   13421   2487    6  1.4676
 2060   13388   2473    7  1.4676
 2061   13395   2410    8  1.4672
 2062   13421   2482    9  1.4685
 2063   13341   2486   10  1.4689
 2064   13382   2433    5  1.4691
 2065   13353   2442    9  1.4691
 2066   13342   2398    7  1.4687
 2067   13282   2441    8  1.4701
 2068   13346   2445   10  1.4685
 2069   13364   2457   10  1.4684
 2070   13360   2435   11  1.4687
 2071   13364   2455    9  1.4674
 2072   13351   2442   10  1.4676
 2073   13344   2450   13  1.4686
 2074   13325   2447    7  1.4696
 2075   13428   2448    9  1.4705
 2076   13321   2434    9  1.4687
 2077   13381   2497    8  1.4679
 2078   13427   2458    7  1.4685
 2079   13346   2451    9  1.4673
 2080   13266   2451    8  1.4688
 2081   13327   2411    7  1.4670
 2082   13407   2482    5  1.4680
 2083   13391   2415    9  1.4692
 2084   13407   2461    6  1.4699
 2085   13409   2477   10  1.4688
 2086   13384   2470    9  1.4687
 2087   13385   2483    7  1.4690
 2088   13399   2438    8  1.4693
 2089   13395   2447    9  1.4689
 2090   13416   2440    7  1.4688
 2091   13314   2458    7  1.4694
 2092   13435   2464    6  1.4691
 2093   13456   2443    8  1.4692
 2094   13415   2492    7  1.4690
 2095   13407   2464    8  1.4691
 2096   13377   2439    7  1.4709
 2097   13369   2483    8  1.4694
 2098   13378   2494    6  1.4690
 2099   13357   2420    7  1.4685
 2100   13406   2451    9  1.4701
 2101   13333   2440    9  1.4697
 2102   13376   2481    7  1.4716
 2103   13351   2430    7  1.4703
 2104   13397   2465    8  1.4691
 2105   13366   2466    9  1.4696
 2106   13371   2424    9  1.4697
 2107   13357   2481    9  1.4689
 2108   13362   2445    8  1.4695
 2109   13323   2475    6  1.4704
 2110   13369   2510    5  1.4696
 2111   13369   2412    8  1.4707
 2112   13391   2479    9  1.4701
 2113   13400   2463    7  1.4695
 2114   13462   2505    6  1.4694
 2115   13298   2469    6  1.4693
 2116   13326   2455    8  1.4697
 2117   13372   2483    7  1.4676
 2118   13440   2479    8  1.4693
 2119   13332   2453   11  1.4686
 2120   13336   2451    8  1.4681
 2121   13368   2484    5  1.4683
 2122   13369   2464   10  1.4689
 2123   13343   2464    6  1.4680
 2124   13376   2469    6  1.4668
 2125   13422   2482    7  1.4681
 2126   13343   2446   10  1.4669
 2127   13429   2389   10  1.4683
 2128   13406   2458    7  1.4669
 2129   13396   2445    7  1.4667
 2130   13388   2468    6  1.4685
 2131   13391   2433   10  1.4674
 2132   13357   2474    6  1.4678
 2133   13371   2471    8  1.4673
 2134   13304   2462    8  1.4663
 2135   13335   2481    9  1.4670
 2136   13376   2466    7  1.4663
 2137   13391   2471    7  1.4657
 2138   13387   2475    7  1.4652
 2139   13357   2453    9  1.4670
 2140   13360   2422    7  1.4669
 2141   13395   2456   10  1.4663
 2142   13445   2468    9  1.4665
 2143   13355   2463    6  1.4663
 2144   13374   2471   10  1.4675
 2145   13427   2459    6  1.4680
 2146   13418   2510    9  1.4668
 2147   13438   2488   10  1.4661
 2148   13355   2458    8  1.4676
 2149   13418   2499    8  1.4673
 2150   13417   2457    6  1.4669
 2151   13384   2515    6  1.4676
 2152   13436   2522   10  1.4672
 2153   13328   2483    6  1.4680
 2154   13341   2515    7  1.4674
 2155   13381   2452    9  1.4669
 2156   13412   2470    7  1.4668
 2157   13396   2500    6  1.4676
 2158   13343   2449    6  1.4670
 2159   13390   2485   11  1.4673
 2160   13405   2490    9  1.4678
 2161   13385   2462    9  1.4692
 2162   13420   2490    6  1.4688
 2163   13361   2499    7  1.4683
 2164   13401   2487    7  1.4677
 2165   13409   2487    8  1.4697
 2166   13460   2441   10  1.4693
 2167   13410   2492   11  1.4696
 2168   13370   2444    8  1.4688
 2169   13401   2442    8  1.4690
 2170   13347   2419    8  1.4682
 2171   13417   2440    7  1.4691
 2172   13401   2512    9  1.4706
 2173   13373   2475   10  1.4696
 2174   13426   2476    5  1.4699
 2175   13428   2523    6  1.4681
 2176   13380   2487    9  1.4696
 2177   13424   2467    6  1.4692
 2178   13420   2446    8  1.4695
 2179   13357   2453    8  1.4684
 2180   13392   2501    6  1.4702
 2181   13384   2454    8  1.4697
 2182   13391   2444   10  1.4693
 2183   13416   2464   10  1.4686
 2184   13426   2517    9  1.4691
 2185   13403   2489    7  1.4675
 2186   13359   2437    8  1.4667
 2187   13353   2516    9  1.4657
 2188   13363   2545    6  1.4655
 2189   13288   2536    6  1.4653
 2190   13255   2471    9  1.4659
 2191   13340   2498    8  1.4648
 2192   13333   2444    6  1.4637
 2193   13354   2457    7  1.4650
 2194   13443   2549    6  1.4662
 2195   13438   2489    7  1.4645
 2196   13397   2481   12  1.4653
 2197   13362   2417    8  1.4646
 2198   13439   2471    7  1.4663
 2199   13393   2489   11  1.4656
 2200   13372   2433    7  1.4650
 2201   13443   2441   10  1.4652
 2202   13349   2426   10  1.4652
 2203   13383   2445    8  1.4653
 2204   13437   2502    8  1.4651
 2205   13393   2442    9  1.4667
 2206   13377   2466    8  1.4664
 2207   13452   2453    9  1.4664
 2208   13325   2440   10  1.4661
 2209   13456   2548    8  1.4661
 2210   13375   2504    6  1.4658
 2211   13405   2448   10  1.4671
 2212   13359   2490    9  1.4648
 2213   13406   2491    5  1.4645
 2214   13402   2453    9  1.4670
 2215   13452   2521    9  1.4667
 2216   13383   2499    9  1.4659
 2217   13422   2488    9  1.4663
 2218   13340   2509    7  1.4654
 2219   13413   2448    7  1.4656
 2220   13413   2469    6  1.4652
 2221   13389   2426    7  1.4650
 2222   13413   2520    7  1.4664
 2223   13420   2459    7  1.4658
 2224   13359   2432   10  1.4661
 2225   13343   2440   10  1.4658
 2226   13360   2477    9  1.4661
 2227   13401   2492    8  1.4650
 2228   13368   2436   11  1.4652
 2229   13386   2486    8  1.4660
 2230   13369   2440   10  1.4681
 2231   13361   2412    6  1.4670
 2232   13297   2468    8  1.4677
 2233   13349   2519    9  1.4659
 2234   13379   2440    7  1.4663
 2235   13386   2454    8  1.4666
 2236   13442   2474    6  1.4667
 2237   13352   2457    8  1.4691
 2238   13397   2447    7  1.4680
 2239   13353   2443   11  1.4676
 2240   13398   2426    9  1.4665
 2241   13361   2511    6  1.4684
 2242   13446   2476    8  1.4682
 2243   13373   2464    9  1.4691
 2244   13352   2498    7  1.4687
 2245   13448   2504   11  1.4679
 2246   13364   2459    7  1.4680
 2247   13363   2434    7  1.4690
 2248   13395   2524    7  1.4691
 2249   13402   2459    8  1.4690
 2250   13387   2492    8  1.4680
 2251   13437   2453    8  1.4691
 2252   13394   2477    8  1.4685
 2253   13380   2461    7  1.4690
 2254   13410   2481   10  1.4691
 2255   13415   2458   11  1.4690
 2256   13379   2474    7  1.4695
 2257   13382   2474    8  1.4698
 2258   13371   2488    7  1.4685
 2259   13439   2501    9  1.4687
 2260   13409   2466   11  1.4671
 2261   13354   2440    9  1.4653
 2262   13413   2420    9  1.4637
 2263   13360   2419    8  1.4623
 2264   13341   2446   10  1.4619
 2265   13407   2471    8  1.4613
 2266   13396   2438   12  1.4635
 2267   13405   2490    7  1.4618
 2268   13415   2441    9  1.4632
 2269   13384   2458   10  1.4618
 2270   13356   2493    6  1.4616
 2271   13327   2453    8  1.4618
 2272   13348   2466   11  1.4628
 2273   13385   2423    9  1.4638
 2274   13444   2490    7  1.4628
 2275   13394   2490    9  1.4634
 2276   13375   2505    7  1.4622
 2277   13430   2620    7  1.4604
 2278   13411   2548    8  1.4609
 2279   13429   2565   11  1.4598
 2280   13435   2569    9  1.4582
 2281   13386   2516    8  1.4583
 2282   13464   2621    6  1.4591
 2283   13445   2579    9  1.4593
 2284   13478   2597   10  1.4594
 2285   13456   2573    8  1.4591
 2286   13423   2598   11  1.4594
 2287   13417   2579   10  1.4583
 2288   13488   2591    7  1.4600
 2289   13423   2547   11  1.4594
 2290   13403   2562    7  1.4600
 2291   13457   2545   11  1.4612
 2292   13341   2509    9  1.4618
 2293   13371   2536    7  1.4610
 2294   13399   2536    7  1.4615
 2295   13385   2503    9  1.4628
 2296   13405   2525   10  1.4645
 2297   13465   2515   10  1.4652
 2298   13396   2559   10  1.4632
 2299   13497   2572    9  1.4647
 2300   13391   2546    9  1.4638
 2301   13442   2556    9  1.4661
 2302   13457   2582    8  1.4644
 2303   13442   2562    5  1.4646
 2304   13446   2498    7  1.4661
 2305   13383   2525    5  1.4658
 2306   13354   2448    7  1.4639
 2307   13358   2462    9  1.4648
 2308   13333   2439    9  1.4624
 2309   13343   2443    7  1.4655
 2310   13377   2488    7  1.4633
 2311   13373   2460    5  1.4645
 2312   13453   2528    9  1.4642
 2313   13302   2431   10  1.4645
 2314   13385   2452    9  1.4639
 2315   13404   2499    6  1.4628
 2316   13385   2448   10  1.4623
 2317   13386   2458   10  1.4616
 2318   13436   2464   10  1.4618
 2319   13383   2428   12  1.4621
 2320   13359   2531    6  1.4629
 2321   13411   2447    8  1.4613
 2322   13437   2476    8  1.4623
 2323   13365   2424    8  1.4638
 2324   13445   2505    7  1.4617
 2325   13446   2473   10  1.4632
 2326   13333   2425   10  1.4632
 2327   13388   2503   10  1.4633
 2328   13327   2493   10  1.4631
 2329   13377   2464    7  1.4633
 2330   13363   2487    8  1.4634
 2331   13423   2501    7  1.4627
 2332   13397   2470    7  1.4619
 2333   13398   2509    7  1.4609
 2334   13434   2497    9  1.4632
 2335   13404   2499    8  1.4637
 2336   13407   2513    6  1.4619
 2337   13362   2475    6  1.4638
 2338   13426   2553    7  1.4640
 2339   13349   2517    9  1.4631
 2340   13379   2439    9  1.4631
 2341   13375   2487   10  1.4610
 2342   13430   2593    7  1.4624
 2343   13416   2463    7  1.4603
 2344   13410   2466   10  1.4618
 2345   13383   2525    9  1.4632
 2346   13449   2489    7  1.4622
 2347   13372   2451   11  1.4614
 2348   13383   2446   11  1.4636
 2349   13379   2500   11  1.4627
 2350   13413   2485    9  1.4618
 2351   13344   2430    9  1.4625
 2352   13381   2462    7  1.4622
 2353   13376   2498    5  1.4609
 2354   13413   2526    6  1.4625
 2355   13354   2501    5  1.4617
 2356   13434   2468    9  1.4629
 2357   13385   2475    7  1.4630
 2358   13407   2540    8  1.4618
 2359   13355   2504    7  1.4620
 2360   13384   2470    8  1.4636
 2361   13336   2487   10  1.4643
 2362   13407   2532    5  1.4637
 2363   13341   2492    8  1.4654
 2364   13418   2480   11  1.4635
 2365   13397   2441   12  1.4629
 2366   13337   2491    6  1.4647
 2367   13406   2494    7  1.4650
 2368   13373   2439    9  1.4636
 2369   13373   2469    6  1.4634
 2370   13398   2467    7  1.4627
 2371   13407   2461    8  1.4628
 2372   13355   2487    9  1.4610
 2373   13248   2511   10  1.4620
 2374   13346   2432   12  1.4634
 2375   13400   2461    6  1.4618
 2376   13375   2434    9  1.4634
 2377   13399   2446    8  1.4643
 2378   13373   2460    8  1.4622
 2379   13379   2500    7  1.4630
 2380   13352   2407    8  1.4628
 2381   13385   2477    8  1.4617
 2382   13370   2476   11  1.4634
 2383   13417   2421   10  1.4645
 2384   13356   2502    9  1.4630
 2385   13420   2466    8  1.4628
 2386   13371   2407    9  1.4608
 2387   13404   2472    9  1.4640
 2388   13364   2475    7  1.4619
 2389   13399   2490   11  1.4626
 2390   13425   2458    9  1.4604
 2391   13295   2402    9  1.4604
 2392   13363   2410    8  1.4615
 2393   13386   2444   11  1.4613
 2394   13360   2454    6  1.4614
 2395   13375   2487    8  1.4629
 2396   13375   2456    8  1.4633
 2397   13354   2437   11  1.4630
 2398   13357   2482    6  1.4642
 2399   13415   2441   11  1.4625
 2400   13401   2519    8  1.4643
 2401   13372   2464    9  1.4633
 2402   13369   2468    7  1.4646
 2403   13391   2461    7  1.4637
 2404   13370   2441    6  1.4667
 2405   13382   2453    8  1.4654
 2406   13488   2509    8  1.4659
 2407   13427   2472    7  1.4663
 2408   13385   2450   10  1.4671
 2409   13372   2445    8  1.4654
 2410   13378   2471    7  1.4657
 2411   13398   2477    7  1.4654
 2412   13411   2502    6  1.4676
 2413   13391   2466    9  1.4667
 2414   13368   2471    8  1.4663
 2415   13353   2435    9  1.4666
 2416   13456   2483    9  1.4651
 2417   13394   2437    9  1.4670
 2418   13467   2463    7  1.4642
 2419   13396   2425   10  1.4662
 2420   13374   2477    8  1.4656
 2421   13350   2439    8  1.4646
 2422   13395   2443    9  1.4655
 2423   13387   2503    8  1.4634
 2424   13403   2480    6  1.4648
 2425   13414   2430    8  1.4641
 2426   13327   2462    6  1.4634
 2427   13442   2504    6  1.4621
 2428   13337   2479    8  1.4631
 2429   13324   2426    8  1.4610
 2430   13313   2410    9  1.4629
 2431   13400   2441   10  1.4608
 2432   13410   2476    7  1.4617
 2433   13383   2456    7  1.4622
 2434   13361   2466   10  1.4624
 2435   13364   2472   10  1.4633
 2436   13370   2416   12  1.4623
 2437   13380   2511    7  1.4616
 2438   13381   2482    7  1.4610
 2439   13375   2489    7  1.4621
 2440   13434   2442    7  1.4629
 2441   13402   2459    9  1.4628
 2442   13385   2494    7  1.4623
 2443   13371   2465    9  1.4638
 2444   13371   2437    8  1.4624
 2445   13330   2485    9  1.4628
 2446   13381   2537    9  1.4619
 2447   13428   2496   10  1.4620
 2448   13440   2516    6  1.4626
 2449   13334   2472    7  1.4623
 2450   13365   2490    7  1.4625
 2451   13464   2430    6  1.4640
 2452   13415   2459    8  1.4634
 2453   13364   2504    6  1.4638
 2454   13359   2431    9  1.4644
 2455   13396   2453    6  1.4638
 2456   13366   2492    6  1.4654
 2457   13409   2493   11  1.4647
 2458   13352   2447    6  1.4646
 2459   13386   2447   10  1.4641
 2460   13401   2414    7  1.4648
 2461   13350   2478    6  1.4637
 2462   13409   2447    7  1.4645
 2463   13370   2447    8  1.4649
 2464   13450   2484   10  1.4642
 2465   13373   2504   10  1.4651
 2466   13414   2446    9  1.4657
 2467   13341   2433    7  1.4657
 2468   13348   2433    6  1.4648
 2469   13407   2448    5  1.4647
 2470   13412   2476    9  1.4647
 2471   13331   2462    8  1.4673
 2472   13390   2467    6  1.4645
 2473   13406   2483    8  1.4638
 2474   13394   2437    7  1.4652
 2475   13422   2549    6  1.4637
 2476   13411   2521    8  1.4644
 2477   13379   2471    7  1.4633
 2478   13347   2453   11  1.4649
 2479   13365   2455   11  1.4648
 2480   13432   2492    6  1.4636
 2481   13382   2501    8  1.4632
 2482   13387   2418    8  1.4631
 2483   13364   2454    8  1.4638
 2484   13410   2482    9  1.4634
 2485   13349   2468    5  1.4629
 2486   13376   2480    9  1.4633
 2487   13377   2448    6  1.4629
 2488   13452   2505    9  1.4623
 2489   13374   2463    9  1.4643
 2490   13379   2468    8  1.4637
 2491   13380   2427    9  1.4624
 2492   13418   2494    9  1.4631
 2493   13373   2499    9  1.4630
 2494   13350   2456   10  1.4633
 2495   13399   2458    9  1.4644
 2496   13384   2455    9  1.4628
 2497   13375   2452    9  1.4631
 2498   13370   2483    8  1.4625
 2499   13372   2485    5  1.4630
 2500   13391   2413    8  1.4643
 2501   13380   2469    8  1.4635
 2502   13427   2453    8  1.4623
 2503   13350   2489    9  1.4628
 2504   13380   2469   11  1.4644
 2505   13389   2471    6  1.4624
 2506   13322   2510    8  1.4626
 2507   13330   2470    8  1.4629
 2508   13397   2487    6  1.4630
 2509   13407   2464    9  1.4617
 2510   13376   2499   11  1.4640
 2511   13367   2462   11  1.4622
 2512   13377   2455    9  1.4643
 2513   13395   2494    9  1.4629
 2514   13428   2511    7  1.4627
 2515   13391   2525    9  1.4639
 2516   13379   2472    6  1.4619
 2517   13439   2524    7  1.4627
 2518   13421   2514    7  1.4634
 2519   13368   2506    7  1.4619
 2520   13393   2472   11  1.4628
 2521   13401   2464    5  1.4630
 2522   13418   2475   10  1.4635
 2523   13415   2437    6  1.4629
 2524   13410   2501    6  1.4625
 2525   13455   2463    8  1.4631
 2526   13392   2490    7  1.4618
 2527   13428   2445    7  1.4633
 2528   13387   2506    6  1.4623
 2529   13349   2519    9  1.4626
 2530   13388   2491   11  1.4638
 2531   13437   2521    8  1.4628
 2532   13389   2480    7  1.4628
 2533   13417   2500    6  1.4620
 2534   13411   2486   11  1.4628
 2535   13372   2469   10  1.4622
 2536   13429   2456    9  1.4627
 2537   13383   2502   11  1.4635
 2538   13370   2522    8  1.4624
 2539   13368   2459    8  1.4635
 2540   13443   2476    8  1.4625
 2541   13388   2518    8  1.4622
 2542   13447   2471    7  1.4653
 2543   13445   2469   10  1.4625
 2544   13413   2473    7  1.4638
 2545   13373   2447   13  1.4639
 2546   13428   2490    7  1.4628
 2547   13421   2496    6  1.4627
 2548   13413   2489    7  1.4619
 2549   13335   2458    7  1.4628
 2550   13392   2509    8  1.4631
 2551   13397   2471    7  1.4613
 2552   13451   2486    7  1.4625
 2553   13424   2503    8  1.4628
 2554   13321   2500    8  1.4627
 2555   13321   2501   11  1.4632
 2556   13292   2478   11  1.4633
 2557   13371   2434    6  1.4636
 2558   13352   2458    9  1.4641
 2559   13394   2530    7  1.4635
 2560   13354   2444    7  1.4631
 2561   13410   2450   11  1.4646
 2562   13444   2511    9  1.4625
 2563   13371   2451    6  1.4633
 2564   13397   2498    9  1.4650
 2565   13402   2478   10  1.4619
 2566   13457   2492    9  1.4623
 2567   13422   2520    7  1.4624
 2568   13361   2514    7  1.4636
 2569   13400   2503    9  1.4639
 2570   13340   2492   12  1.4624
 2571   13462   2489   11  1.4626
 2572   13353   2497    7  1.4622
 2573   13414   2504    8  1.4630
 2574   13420   2492   10  1.4616
 2575   13457   2499    8  1.4634
 2576   13406   2464    8  1.4622
 2577   13406   2482    5  1.4632
 2578   13366   2480   11  1.4622
 2579   13509   2503    9  1.4630
 2580   13384   2475   10  1.4626
 2581   13407   2510    9  1.4625
 2582   13408   2528    8  1.4622
 2583   13409   2502    8  1.4624
 2584   13443   2518    8  1.4627
 2585   13350   2470    8  1.4631
 2586   13394   2417    9  1.4646
 2587   13397   2501    7  1.4632
 2588   13401   2480   10  1.4628
 2589   13434   2533    9  1.4622
 2590   13501   2485    8  1.4621
 2591   13377   2507    6  1.4616
 2592   13300   2421    8  1.4632
 2593   13401   2492    9  1.4629
 2594   13479   2496    7  1.4641
 2595   13368   2503    6  1.4625
 2596   13406   2517    6  1.4635
 2597   13383   2486    7  1.4621
 2598   13477   2522    6  1.4631
 2599   13426   2482   10  1.4629
 2600   13334   2443    8  1.4633
 2601   13311   2475    9  1.4621
 2602   13338   2474    8  1.4628
 2603   13436   2510    6  1.4623
 2604   13394   2524    7  1.4627
 2605   13472   2529    8  1.4641
 2606   13427   2518    8  1.4636
 2607   13373   2492   13  1.4614
 2608   13428   2524    8  1.4642
 2609   13304   2474    8  1.4638
