# frame  pts  resid  clusters  cz_m
    1     382    120    1  1.0710
    2     382    120    1  1.0475
    3     382    120    1  1.0484
    4     382    121    1  1.0699
    5     382    121    1  1.0561
    6     382    121    1  1.0762
    7     382    120    1  1.0888
    8     382    120    1  1.0994
    9     382    120    1  1.0635
   10     382    120    1  1.0906
   11     382    120    1  1.1006
   12     382    120    1  1.0952
   13     382    121    1  1.1154
   14     382    121    1  1.0803
   15     382    120    1  1.0870
   16     382    121    1  1.1015
   17     382    122    1  1.1058
   18     382    121    1  1.0712
   19     382    120    1  1.0855
   20     382    120    1  1.0519
   21     382    120    1  1.0616
   22     382    120    1  1.0262
   23     382    121    1  1.0704
   24     382    120    1  1.0511
   25     382    120    1  1.0543
   26     382    120    1  1.0490
   27     382    120    1  1.0545
   28     382    120    1  1.0580
   29     382    120    1  1.0352
   30     382    121    1  1.0262
   31     382    121    1  1.0637
   32     382    121    1  1.0355
   33     382    122    1  1.0321
   34     382    120    1  1.0492
   35     382    120    1  1.0178
   36     382    120    1  1.0429
   37     382    120    1  1.0787
   38     382    120    1  1.0751
   39     382    120    1  1.0316
   40     382    121    1  1.0937
   41     382    122    1  1.0785
   42     382    120    1  1.0763
   43     382    121    1  1.0825
   44     382    120    1  1.0767
   45     382    120    1  1.1047
   46     382    120    1  1.0782
   47     382    120    1  1.0752
   48     382    120    1  1.0703
   49     382    120    1  1.0847
   50     382    120    1  1.0733
   51     382    120    1  1.0902
   52     382    120    1  1.0975
   53     382    120    1  1.0744
   54     382    121    1  1.0826
   55     382    121    1  1.1175
   56     382    121    1  1.0969
   57     382    120    1  1.1025
   58     382    121    1  1.0739
   59     382    120    1  1.0850
   60     382    120    1  1.0967
   61     382    120    1  1.0614
   62     382    120    1  1.0457
   63     382    120    1  1.0511
   64     382    121    1  1.0499
   65     382    120    1  1.0354
   66     382    120    1  1.0387
   67     382    121    1  1.0248
   68     382    120    1  1.0325
   69     382    120    1  1.0215
   70     382    120    1  0.9948
   71     382    120    1  1.0190
   72     382    120    1  1.0259
   73     382    121    1  1.0476
   74     382    120    1  1.0601
   75     382    120    1  1.0445
   76     382    120    1  1.0340
   77     382    120    1  1.0364
   78     382    121    1  1.0470
   79     382    121    1  1.0425
   80     382    120    1  1.0564
   81     382    122    1  1.0727
   82     382    121    1  1.0777
   83     382    120    1  1.0639
   84     382    121    1  1.0796
   85     382    121    1  1.0716
   86     382    120    1  1.0721
   87     382    120    1  1.0895
   88     382    120    1  1.0779
   89     382    120    1  1.1232
   90     382    121    1  1.1028
   91     382    120    1  1.0760
   92     382    121    1  1.0943
   93     382    120    1  1.0767
   94     382    120    1  1.1187
   95     382    120    1  1.0575
   96     382    120    1  1.0725
   97     382    120    1  1.0741
   98     382    120    1  1.1034
   99     382    120    1  1.0787
  100     382    121    1  1.0876
  101     382    120    1  1.0586
  102     382    121    1  1.0438
  103     382    120    1  1.0522
  104     382    121    1  1.0485
  105     382    120    1  1.0292
  106     382    120    1  1.0887
  107     382    120    1  1.0557
  108     382    120    1  1.0680
  109     382    120    1  1.0689
  110     382    121    1  1.0488
  111     382    120    1  1.0589
  112     382    120    1  1.0484
  113     382    120    1  1.0193
  114     382    121    1  1.0349
  115     382    120    1  1.0436
  116     382    120    1  1.0578
  117     382    122    1  1.0296
  118     382    121    1  1.0786
  119     382    121    1  1.0536
  120     382    121    1  1.0721
  121     382    120    1  1.0862
  122     382    121    1  1.0712
  123     382    120    1  1.0950
  124     382    121    1  1.0724
  125     382    120    1  1.0867
  126     382    120    1  1.0739
  127     382    120    1  1.0857
  128     382    120    1  1.0991
  129     382    121    1  1.0715
  130     382    120    1  1.0946
  131     382    120    1  1.0982
  132     382    120    1  1.0754
  133     382    120    1  1.0606
  134     382    120    1  1.0917
  135     382    120    1  1.0870
  136     382    120    1  1.0949
  137     382    121    1  1.0762
  138     382    120    1  1.0743
  139     382    120    1  1.0681
  140     382    120    1  1.1014
  141     382    120    1  1.0670
  142     382    121    1  1.0527
  143     382    120    1  1.0469
  144     382    120    1  1.0513
  145     382    120    1  1.0640
  146     382    120    1  1.0303
  147     382    120    1  1.0484
  148     382    120    1  1.0395
  149     382    121    1  1.0225
  150     382    120    1  1.0351
  151     382    120    1  1.0607
  152     382    120    1  1.0405
  153     382    120    1  1.0410
  154     382    121    1  1.0511
  155     382    120    1  1.0195
  156     382    120    1  1.0312
  157     382    120    1  1.0660
  158     382    120    1  1.0541
  159     382    121    1  1.0582
  160     382    120    1  1.0251
  161     382    120    1  1.0760
  162     382    120    1  1.0664
  163     382    120    1  1.0306
  164     382    122    1  1.0863
  165     382    121    1  1.0671
  166     382    120    1  1.0756
  167     382    120    1  1.0962
  168     382    120    1  1.0909
  169     382    120    1  1.0964
  170     382    121    1  1.0703
  171     382    120    1  1.0942
  172     382    121    1  1.1003
  173     382    121    1  1.0828
  174     382    121    1  1.1014
  175     382    120    1  1.0791
  176     382    121    1  1.1075
  177     382    120    1  1.0800
  178     382    121    1  1.0838
  179     382    120    1  1.0696
  180     382    120    1  1.0666
  181     382    120    1  1.0588
  182     382    120    1  1.0398
  183     382    121    1  1.0442
  184     382    120    1  1.0564
  185     382    120    1  1.0373
  186     382    122    1  1.0505
  187     382    120    1  1.0729
  188     382    120    1  1.0354
  189     382    121    1  1.0601
  190     382    120    1  1.0548
  191     382    120    1  1.0471
  192     382    120    1  1.0237
  193     382    120    1  1.0379
  194     382    120    1  1.0814
  195     382    120    1  1.0355
  196     382    120    1  1.0366
  197     382    120    1  1.0779
  198     382    120    1  1.0543
  199     382    121    1  1.0665
  200     382    120    1  1.0349
  201     382    121    1  1.0535
  202     382    120    1  1.0616
  203     382    120    1  1.0591
  204     382    120    1  1.1030
  205     382    120    1  1.1009
  206     382    120    1  1.0864
  207     382    121    1  1.0952
  208     382    120    1  1.0983
  209     382    121    1  1.0550
  210     382    121    1  1.0740
  211     382    120    1  1.0801
  212     382    120    1  1.0811
  213     382    122    1  1.1080
  214     382    120    1  1.0958
  215     382    123    1  1.0754
  216     382    120    1  1.0953
  217     382    120    1  1.0755
  218     382    121    1  1.0668
  219     382    120    1  1.0780
  220     382    120    1  1.0484
  221     382    120    1  1.0827
  222     382    121    1  1.0654
  223     382    120    1  1.1078
  224     382    121    1  1.0618
  225     382    121    1  1.0403
  226     382    121    1  1.0487
  227     382    120    1  1.0504
  228     382    120    1  1.0728
  229     382    120    1  1.0441
  230     382    121    1  1.0668
  231     382    120    1  1.0279
  232     382    120    1  1.0804
  233     382    120    1  1.0328
  234     382    120    1  1.0254
  235     382    120    1  1.0415
  236     382    120    1  1.0538
  237     382    120    1  1.0357
  238     382    120    1  1.0358
  239     382    121    1  1.0347
  240     382    120    1  1.0922
  241     382    120    1  1.0728
  242     382    122    1  1.0627
  243     382    120    1  1.0874
  244     382    120    1  1.0925
  245     382    120    1  1.0507
  246     382    120    1  1.0996
  247     382    121    1  1.0915
  248     382    120    1  1.0878
  249     382    121    1  1.0666
  250     382    120    1  1.0768
  251     382    121    1  1.0811
  252     382    122    1  1.0950
  253     382    120    1  1.1047
  254     382    120    1  1.0559
  255     382    120    1  1.0815
  256     382    120    1  1.0931
  257     382    120    1  1.0688
  258     382    120    1  1.0830
  259     382    120    1  1.0738
  260     382    120    1  1.0655
  261     382    121    1  1.0641
  262     382    122    1  1.0662
  263     382    121    1  1.0596
  264     382    120    1  1.0533
  265     382    121    1  1.0614
  266     382    122    1  1.0490
  267     382    122    1  1.0074
  268     382    121    1  1.0647
  269     382    120    1  1.0405
  270     382    121    1  1.0235
  271     382    120    1  1.0427
  272     382    120    1  1.0273
  273     382    120    1  1.0257
  274     382    120    1  1.0365
  275     382    120    1  1.0583
  276     382    120    1  1.0274
  277     382    120    1  1.0182
  278     382    120    1  1.0644
  279     382    120    1  1.0545
  280     382    120    1  1.0280
  281     382    120    1  1.0661
  282     382    120    1  1.0739
  283     382    120    1  1.0795
  284     382    122    1  1.0590
  285     382    120    1  1.1348
  286     382    121    1  1.0818
  287     382    120    1  1.0738
  288     382    120    1  1.0767
  289     382    121    1  1.1085
  290     382    120    1  1.0861
  291     382    120    1  1.0984
  292     382    120    1  1.1070
  293     382    120    1  1.0820
  294     382    120    1  1.1045
  295     382    121    1  1.0804
  296     382    120    1  1.0884
  297     382    121    1  1.0910
  298     382    120    1  1.0807
  299     382    120    1  1.0711
  300     382    120    1  1.0801
