# frame  pts  resid  clusters  cz_m
    1   13965   5134    2  2.3334
    2   13999   5229    2  2.3435
    3   13911   5244    2  2.3494
    4   13957   5232    2  2.3459
    5   13919   5325    3  2.3253
    6   13894   5279    3  2.3509
    7   14005   5342    2  2.3482
    8   13895   5284    2  2.3491
    9   13933   5299    2  2.3534
   10   13987   5313    2  2.3519
   11   13961   5317    3  2.3552
   12   13895   5302    2  2.3511
   13   13903   5269    2  2.3551
   14   13944   5321    3  2.3256
   15   13916   5328    2  2.3527
   16   13967   5340    2  2.3568
   17   13915   5365    2  2.3559
   18   13942   5333    2  2.3542
   19   13956   5342    3  2.3527
   20   13959   5368    3  2.3248
   21   13950   5340    2  2.3504
   22   13938   5335    3  2.3531
   23   13943   5405    3  2.3583
   24   13934   5382    3  2.3542
   25   13933   5326    4  2.3515
   26   13926   5335    3  2.3509
   27   13946   5333    3  2.3551
   28   13995   5417    2  2.3591
   29   13966   5386    3  2.3590
   30   13953   5389    2  2.3577
   31   13947   5376    2  2.3586
   32   13968   5386    3  2.3595
   33   13949   5385    3  2.3554
   34   13947   5331    3  2.3510
   35   13970   5368    2  2.3286
   36   13959   5354    3  2.3586
   37   13947   5394    3  2.3619
   38   13887   5358    2  2.3576
   39   13916   5315    2  2.3520
   40   13932   5349    2  2.3522
   41   13937   5346    2  2.3576
   42   14009   5420    2  2.3577
   43   13918   5370    2  2.3542
   44   13933   5426    3  2.3552
   45   13899   5329    2  2.3545
   46   13911   5366    2  2.3512
   47   13915   5363    2  2.3571
   48   13933   5335    3  2.3489
   49   13941   5373    3  2.3558
   50   13995   5461    2  2.3610
   51   13933   5364    3  2.3547
   52   13951   5417    2  2.3601
   53   13985   5388    2  2.3588
   54   13948   5382    2  2.3601
   55   13909   5353    2  2.3607
   56   14010   5347    3  2.3543
   57   13978   5416    2  2.3594
   58   13949   5338    2  2.3577
   59   13970   5369    3  2.3223
   60   13982   5381    3  2.3578
   61   14021   5445    2  2.3592
   62   13949   5392    3  2.3298
   63   13949   5340    2  2.3559
   64   13962   5398    2  2.3571
   65   13907   5336    2  2.3598
   66   13906   5318    2  2.3569
   67   13974   5404    2  2.3540
   68   13932   5343    3  2.3278
   69   13950   5327    3  2.3514
   70   14043   5365    3  2.3525
   71   13910   5369    3  2.3498
   72   13935   5378    2  2.3545
   73   13972   5425    3  2.3284
   74   13936   5467    4  2.3637
   75   13942   5366    3  2.3292
   76   13934   5436    3  2.3591
   77   13939   5429    2  2.3576
   78   13925   5386    3  2.3582
   79   13940   5376    4  2.3534
   80   13962   5459    3  2.3578
   81   13886   5351    3  2.3566
   82   13952   5350    3  2.3530
   83   14020   5442    4  2.3554
   84   13929   5336    3  2.3236
   85   13947   5330    2  2.3528
   86   13926   5406    2  2.3531
   87   13901   5377    3  2.3258
   88   13931   5371    2  2.3560
   89   13895   5301    2  2.3566
   90   13924   5326    3  2.3502
   91   13968   5397    2  2.3595
   92   13966   5412    2  2.3574
   93   13951   5372    2  2.3563
   94   13876   5335    2  2.3549
   95   13900   5364    2  2.3508
   96   13987   5354    2  2.3587
   97   13956   5411    2  2.3602
   98   13922   5296    3  2.3458
   99   13960   5392    2  2.3598
  100   13972   5393    3  2.3555
  101   13960   5440    2  2.3557
  102   13950   5350    2  2.3558
  103   13937   5313    3  2.3521
  104   13979   5344    2  2.3507
  105   13925   5355    2  2.3596
  106   13927   5388    2  2.3536
  107   13956   5398    3  2.3599
  108   13913   5366    2  2.3527
  109   13894   5339    2  2.3504
  110   13960   5372    2  2.3555
  111   13903   5352    3  2.3572
  112   13942   5429    3  2.3605
  113   13925   5271    2  2.3536
  114   13922   5295    2  2.3528
  115   13940   5341    2  2.3570
  116   13895   5339    2  2.3544
  117   13955   5386    3  2.3611
  118   13959   5406    2  2.3588
  119   13973   5414    4  2.3612
  120   13929   5361    2  2.3544
  121   13929   5411    3  2.3606
  122   13926   5376    2  2.3540
  123   13925   5342    4  2.3561
  124   13916   5363    3  2.3565
  125   13880   5307    4  2.3200
  126   13929   5390    2  2.3563
  127   13942   5379    3  2.3578
  128   13962   5374    3  2.3505
  129   13990   5416    2  2.3577
  130   13933   5372    2  2.3595
  131   13965   5368    3  2.3557
  132   13985   5371    2  2.3552
  133   13996   5434    2  2.3589
  134   13978   5389    2  2.3518
  135   14047   5405    2  2.3553
  136   13963   5407    3  2.3586
  137   13944   5386    2  2.3554
  138   13956   5420    3  2.3634
  139   13951   5405    3  2.3498
  140   13929   5400    2  2.3603
  141   13962   5407    2  2.3594
  142   13940   5405    2  2.3552
  143   13968   5424    2  2.3619
  144   13951   5406    3  2.3566
  145   13911   5406    3  2.3522
  146   13983   5372    3  2.3501
  147   13940   5343    2  2.3540
  148   13893   5380    2  2.3592
  149   13964   5384    2  2.3489
  150   13981   5401    2  2.3600
  151   13936   5323    2  2.3578
  152   13866   5309    2  2.3551
  153   13935   5405    3  2.3599
  154   13919   5406    2  2.3569
  155   13908   5359    2  2.3542
  156   13912   5280    3  2.3216
  157   13915   5359    3  2.3270
  158   13941   5428    3  2.3400
  159   13962   5409    2  2.3602
  160   13979   5356    4  2.3320
  161   13987   5341    5  2.3543
  162   13954   5366    2  2.3521
  163   13962   5325    2  2.3546
  164   13952   5433    4  2.3575
  165   13959   5410    2  2.3614
  166   13972   5382    3  2.3522
  167   13894   5416    2  2.3612
  168   13962   5430    2  2.3578
  169   13985   5430    2  2.3570
  170   13945   5399    2  2.3621
  171   13920   5301    2  2.3545
  172   13946   5364    3  2.3565
  173   13979   5432    2  2.3565
  174   13977   5430    3  2.3568
  175   13931   5370    2  2.3568
  176   13940   5386    3  2.3557
  177   13974   5372    2  2.3581
  178   13919   5339    2  2.3534
  179   13946   5377    2  2.3541
  180   13975   5396    3  2.3576
  181   13944   5390    2  2.3536
  182   13909   5350    2  2.3523
  183   13891   5362    2  2.3590
  184   13969   5371    2  2.3579
  185   13974   5412    2  2.3563
  186   13969   5359    3  2.3527
  187   13932   5366    2  2.3540
  188   13865   5343    3  2.3502
  189   13977   5432    2  2.3584
  190   13926   5341    3  2.3259
  191   13974   5414    2  2.3598
  192   13901   5446    3  2.3611
  193   13925   5332    2  2.3564
  194   13907   5374    3  2.3272
  195   13982   5455    2  2.3622
  196   13913   5403    4  2.3310
  197   13943   5401    2  2.3518
  198   13935   5366    2  2.3553
  199   13934   5394    3  2.3564
  200   13941   5436    2  2.3590
  201   13932   5360    3  2.3523
  202   13953   5404    3  2.3536
  203   13906   5363    2  2.3543
  204   13945   5390    2  2.3591
  205   13969   5366    2  2.3536
  206   13968   5473    2  2.3627
  207   13942   5384    3  2.3309
  208   13920   5376    2  2.3608
  209   13960   5419    2  2.3601
  210   13911   5373    3  2.3299
  211   13908   5397    4  2.3573
  212   13927   5412    3  2.3338
  213   13878   5354    2  2.3557
  214   13968   5338    2  2.3515
  215   13953   5366    2  2.3583
  216   13936   5409    2  2.3545
  217   13926   5329    2  2.3533
  218   13920   5385    3  2.3595
  219   14002   5345    3  2.3559
  220   13956   5374    2  2.3559
  221   13975   5379    3  2.3594
  222   13903   5335    4  2.3536
  223   13941   5416    2  2.3540
  224   13954   5387    2  2.3568
  225   13992   5343    2  2.3551
  226   13978   5358    3  2.3556
  227   13926   5352    2  2.3599
  228   13975   5348    2  2.3529
  229   13984   5397    2  2.3604
  230   13993   5428    2  2.3579
  231   14002   5386    3  2.3527
  232   13968   5456    3  2.3574
  233   13970   5380    2  2.3612
  234   13913   5422    3  2.3567
  235   13955   5414    3  2.3576
  236   13975   5395    4  2.3351
  237   13924   5340    2  2.3574
  238   13960   5411    2  2.3565
  239   13936   5311    2  2.3545
  240   13966   5362    2  2.3546
  241   13969   5363    2  2.3556
  242   13931   5394    2  2.3589
  243   13932   5360    2  2.3580
  244   13965   5336    2  2.3535
  245   13996   5399    2  2.3586
  246   13976   5385    3  2.3323
  247   13949   5303    3  2.3535
  248   13918   5436    3  2.3300
  249   13920   5354    2  2.3524
  250   13908   5358    2  2.3600
  251   13920   5396    3  2.3562
  252   13928   5383    2  2.3563
  253   13931   5357    2  2.3576
  254   14010   5424    4  2.3284
  255   13974   5417    3  2.3537
  256   13945   5394    3  2.3583
  257   13921   5352    3  2.3276
  258   13940   5424    2  2.3621
  259   13897   5360    2  2.3571
  260   13887   5377    2  2.3575
  261   13921   5408    2  2.3584
  262   13922   5313    2  2.3555
  263   13929   5390    2  2.3563
  264   13946   5371    4  2.3562
  265   13897   5304    2  2.3534
  266   13928   5349    2  2.3590
  267   13941   5392    3  2.3597
  268   13946   5395    3  2.3562
  269   13938   5376    4  2.3553
  270   13999   5398    2  2.3587
  271   13966   5346    2  2.3583
  272   13889   5367    2  2.3601
  273   13897   5385    3  2.3548
  274   14015   5316    2  2.3541
  275   13951   5365    3  2.3554
  276   13903   5297    2  2.3531
  277   13914   5255    2  2.3477
  278   13939   5376    2  2.3545
  279   13941   5401    3  2.3596
  280   13861   5321    2  2.3525
  281   13914   5342    2  2.3574
  282   13956   5333    2  2.3555
  283   13955   5344    2  2.3511
  284   13956   5376    2  2.3566
  285   13974   5429    2  2.3618
  286   13880   5362    2  2.3524
  287   13920   5376    2  2.3585
  288   13862   5304    2  2.3546
  289   13900   5428    2  2.3572
  290   13949   5412    2  2.3560
  291   13935   5387    2  2.3553
  292   13983   5362    3  2.3280
  293   13898   5327    2  2.3555
  294   13900   5424    3  2.3572
  295   13959   5380    2  2.3549
  296   13944   5418    2  2.3582
  297   13943   5361    2  2.3529
  298   13887   5352    3  2.3549
  299   13941   5365    2  2.3598
  300   13945   5377    3  2.3280
  301   13900   5275    3  2.3264
  302   13940   5436    3  2.3625
  303   13956   5346    2  2.3566
  304   13938   5420    2  2.3612
  305   13928   5370    2  2.3565
  306   13936   5387    2  2.3564
  307   13914   5389    3  2.3573
  308   13946   5392    3  2.3632
  309   13938   5391    2  2.3598
  310   13931   5436    3  2.3389
  311   13966   5350    2  2.3569
  312   13896   5399    2  2.3576
  313   13950   5350    3  2.3550
  314   13921   5350    2  2.3574
  315   13916   5371    2  2.3562
  316   13919   5369    3  2.3574
  317   13865   5308    2  2.3583
  318   13940   5419    2  2.3603
  319   13932   5356    3  2.3318
  320   13902   5342    2  2.3580
  321   13909   5337    3  2.3574
  322   13956   5332    2  2.3579
  323   13929   5368    3  2.3551
  324   13933   5392    2  2.3560
  325   13939   5400    2  2.3573
  326   13957   5410    2  2.3587
  327   13941   5372    2  2.3591
  328   13900   5290    4  2.3255
  329   13974   5451    2  2.3651
  330   13944   5398    4  2.3572
  331   13947   5390    2  2.3544
  332   13898   5402    2  2.3538
  333   13936   5351    3  2.3629
  334   13938   5414    3  2.3599
  335   13900   5351    3  2.3281
  336   13925   5387    2  2.3602
  337   13954   5405    3  2.3584
  338   13920   5382    2  2.3522
  339   13917   5377    2  2.3556
  340   13966   5463    2  2.3610
  341   13958   5419    3  2.3647
  342   13971   5361    2  2.3559
  343   13940   5373    2  2.3532
  344   13935   5349    5  2.3539
  345   13977   5372    2  2.3516
  346   13971   5387    4  2.3294
  347   13980   5406    3  2.3545
  348   13952   5409    3  2.3587
  349   13950   5389    3  2.3295
  350   13917   5359    2  2.3557
  351   13976   5449    2  2.3595
  352   13895   5387    3  2.3579
  353   13973   5387    3  2.3574
  354   13891   5358    3  2.3560
  355   13910   5398    2  2.3556
  356   13953   5367    2  2.3549
  357   13950   5417    2  2.3583
  358   13939   5409    2  2.3569
  359   13964   5346    2  2.3557
  360   13932   5338    2  2.3513
  361   13875   5415    2  2.3628
  362   13958   5426    2  2.3554
  363   13953   5419    2  2.3601
  364   13967   5388    3  2.3544
  365   13944   5404    2  2.3523
  366   13961   5463    3  2.3623
  367   13941   5389    2  2.3570
  368   13933   5356    3  2.3563
  369   13960   5386    3  2.3571
  370   13867   5307    3  2.3277
  371   13940   5409    2  2.3557
  372   13957   5343    2  2.3568
  373   13823   5275    2  2.3503
  374   13910   5393    4  2.3633
  375   13894   5380    3  2.3280
  376   13905   5323    3  2.3555
  377   13957   5383    2  2.3550
  378   13956   5382    2  2.3550
  379   13935   5317    2  2.3529
  380   13952   5407    2  2.3605
  381   13931   5352    2  2.3540
  382   13948   5386    3  2.3542
  383   13977   5383    3  2.3565
  384   13933   5346    4  2.3562
  385   13918   5401    4  2.3559
  386   13925   5352    3  2.3584
  387   13925   5355    3  2.3545
  388   13923   5344    2  2.3542
  389   13931   5355    2  2.3537
  390   13959   5400    2  2.3564
  391   13937   5404    2  2.3539
  392   13974   5408    3  2.3565
  393   13921   5394    2  2.3550
  394   13872   5323    2  2.3544
  395   13959   5371    3  2.3544
  396   13947   5402    3  2.3367
  397   13918   5393    2  2.3606
  398   13945   5383    3  2.3589
  399   13924   5381    4  2.3327
  400   13872   5377    3  2.3574
  401   13941   5377    3  2.3572
  402   13907   5388    2  2.3567
  403   13971   5438    3  2.3341
  404   13888   5324    2  2.3522
  405   13902   5340    4  2.3279
  406   13956   5370    2  2.3546
  407   13889   5398    2  2.3605
  408   13937   5395    2  2.3616
  409   13921   5376    3  2.3291
  410   13896   5328    2  2.3522
  411   13947   5317    2  2.3535
  412   13970   5416    3  2.3557
  413   13976   5334    3  2.3547
  414   13937   5389    2  2.3604
  415   13964   5361    3  2.3643
  416   13889   5383    3  2.3309
  417   13945   5373    3  2.3568
  418   13900   5360    3  2.3610
  419   13956   5372    3  2.3538
  420   13915   5339    2  2.3511
  421   13952   5420    2  2.3579
  422   13912   5366    3  2.3579
  423   13977   5376    2  2.3583
  424   13936   5433    2  2.3605
  425   13943   5375    2  2.3537
  426   13968   5364    2  2.3562
  427   13933   5335    2  2.3540
  428   13926   5382    3  2.3574
  429   13905   5370    2  2.3524
  430   13915   5373    4  2.3611
  431   13965   5441    2  2.3619
  432   13968   5405    3  2.3274
  433   13904   5371    2  2.3554
  434   13903   5353    3  2.3561
  435   13920   5373    2  2.3589
  436   13956   5369    2  2.3588
  437   13922   5258    4  2.3500
  438   13907   5316    2  2.3545
  439   13967   5400    2  2.3616
  440   13978   5429    2  2.3584
  441   13911   5317    2  2.3552
  442   13916   5389    2  2.3547
  443   13899   5429    5  2.3293
  444   13896   5390    2  2.3555
  445   13933   5391    3  2.3594
  446   13940   5381    3  2.3542
  447   13937   5386    3  2.3580
  448   13964   5376    2  2.3562
  449   13998   5415    3  2.3587
  450   13882   5290    2  2.3524
  451   14029   5427    3  2.3562
  452   13919   5372    2  2.3547
  453   13912   5373    3  2.3282
  454   13916   5376    2  2.3584
  455   13946   5393    2  2.3626
  456   13991   5406    4  2.3326
  457   13960   5410    4  2.3592
  458   13896   5390    3  2.3620
  459   13947   5379    2  2.3602
  460   13965   5361    2  2.3573
  461   13923   5365    3  2.3323
  462   13956   5371    3  2.3317
  463   13934   5355    3  2.3561
  464   13956   5347    4  2.3297
  465   13893   5351    3  2.3548
  466   13920   5340    2  2.3570
  467   13986   5395    2  2.3574
  468   13946   5415    2  2.3566
  469   13996   5406    2  2.3562
  470   13932   5389    3  2.3555
  471   13956   5386    2  2.3557
  472   13934   5359    3  2.3514
  473   13981   5378    2  2.3531
  474   13949   5340    2  2.3538
  475   13926   5431    2  2.3579
  476   13896   5346    2  2.3547
  477   13934   5395    4  2.3275
  478   13883   5390    2  2.3598
  479   13966   5390    3  2.3549
  480   13993   5458    2  2.3579
  481   13904   5409    2  2.3589
  482   14001   5491    3  2.3352
  483   13930   5402    3  2.3318
  484   13945   5361    2  2.3512
  485   13952   5396    3  2.3575
  486   13959   5323    3  2.3558
  487   13909   5294    2  2.3517
  488   13931   5344    4  2.3524
  489   13934   5352    2  2.3581
  490   13885   5377    3  2.3551
  491   13976   5362    2  2.3504
  492   13915   5283    2  2.3548
  493   13874   5392    2  2.3608
  494   13882   5318    3  2.3512
  495   13920   5407    2  2.3584
  496   13878   5382    2  2.3578
  497   13983   5450    2  2.3571
  498   13926   5375    3  2.3588
  499   13938   5346    2  2.3597
  500   13941   5360    2  2.3552
  501   13929   5325    2  2.3540
  502   13959   5415    2  2.3532
  503   13991   5433    3  2.3574
  504   13919   5399    3  2.3578
  505   13967   5371    5  2.3331
  506   13923   5362    2  2.3553
  507   13963   5383    3  2.3596
  508   13974   5413    2  2.3559
  509   13955   5372    3  2.3592
  510   13946   5431    3  2.3605
  511   13899   5347    2  2.3566
  512   13924   5334    3  2.3592
  513   13998   5446    3  2.3592
  514   13943   5334    2  2.3539
  515   13897   5367    2  2.3529
  516   13927   5365    2  2.3578
  517   13960   5333    2  2.3559
  518   13914   5425    2  2.3608
  519   13914   5347    5  2.3251
  520   13960   5408    2  2.3570
  521   13920   5343    2  2.3546
  522   13956   5347    3  2.3569
  523   13945   5350    5  2.3316
  524   13962   5420    3  2.3616
  525   13904   5337    3  2.3525
  526   13922   5333    3  2.3505
  527   13922   5344    3  2.3547
  528   13903   5378    3  2.3534
  529   13912   5348    2  2.3509
  530   13941   5396    3  2.3553
  531   13919   5376    4  2.3519
  532   13958   5350    2  2.3557
  533   14005   5460    3  2.3559
  534   13910   5349    2  2.3514
  535   13975   5407    4  2.3575
  536   13935   5392    3  2.3564
  537   13964   5407    2  2.3581
  538   13891   5411    3  2.3620
  539   13932   5399    3  2.3556
  540   13953   5362    2  2.3548
  541   13953   5419    4  2.3561
  542   13999   5396    2  2.3603
  543   13884   5341    2  2.3565
  544   13959   5414    2  2.3610
  545   13957   5385    2  2.3594
  546   13986   5418    2  2.3528
  547   13977   5405    2  2.3595
  548   13986   5379    2  2.3559
  549   13967   5407    2  2.3544
  550   14013   5427    2  2.3608
  551   13934   5353    2  2.3551
  552   13982   5407    5  2.3309
  553   14040   5396    2  2.3534
  554   14000   5405    2  2.3553
  555   14005   5406    3  2.3567
  556   14001   5476    2  2.3585
  557   13977   5373    3  2.3509
  558   13946   5403    3  2.3536
  559   13958   5436    2  2.3586
  560   14028   5454    2  2.3578
  561   14003   5457    2  2.3569
  562   13920   5403    3  2.3556
  563   13981   5405    2  2.3574
  564   13960   5439    2  2.3582
  565   13987   5398    2  2.3534
  566   13936   5407    2  2.3570
  567   13997   5393    2  2.3581
  568   13979   5407    2  2.3579
  569   13925   5369    3  2.3273
  570   13965   5419    2  2.3547
  571   14023   5387    3  2.3237
  572   13964   5463    4  2.3351
  573   13966   5398    3  2.3573
  574   13980   5401    2  2.3557
  575   13938   5449    3  2.3566
  576   13975   5377    2  2.3562
  577   13932   5389    4  2.3538
  578   13984   5364    2  2.3593
  579   13927   5391    2  2.3522
  580   13941   5393    2  2.3585
  581   13894   5366    3  2.3541
  582   13900   5394    2  2.3539
  583   13931   5355    2  2.3500
  584   13954   5314    4  2.3551
  585   13950   5386    3  2.3586
  586   13922   5423    3  2.3568
  587   13980   5432    4  2.3534
  588   13889   5382    2  2.3564
  589   13920   5389    4  2.3279
  590   13954   5379    3  2.3552
  591   13910   5363    2  2.3518
  592   13929   5333    3  2.3520
  593   13952   5420    2  2.3560
  594   13957   5444    3  2.3548
  595   13964   5429    2  2.3608
  596   13898   5392    3  2.3575
  597   13938   5315    2  2.3500
  598   13913   5425    3  2.3292
  599   13939   5416    2  2.3552
  600   13927   5366    2  2.3536
